Using pre-set license

 COMMAND LINE ARGUMENTS:
/Applications/Unity/Hub/Editor/2021.1.0b1/Unity.app/Contents/MacOS/Unity
-adb2
-batchMode
-noUpm
-name
AssetImportWorker0
-projectPath
/Users/bug2000/Dev/UnityPlayground/UnityPlayground
-logFile
Logs/AssetImportWorker0.log
-srvPort
50960
Successfully changed project path to: /Users/bug2000/Dev/UnityPlayground/UnityPlayground
/Users/bug2000/Dev/UnityPlayground/UnityPlayground
Using Asset Import Pipeline V2.
Refreshing native plugins compatible for Editor in 68.66 ms, found 2 plugins.
Preloading 0 native plugins for Editor in 0.00 ms.
Initialize engine version: 2021.1.0b1 (9f7c487dd2da)
[Subsystems] Discovering subsystems at path /Applications/Unity/Hub/Editor/2021.1.0b1/Unity.app/Contents/Resources/UnitySubsystems
[Subsystems] Discovering subsystems at path /Users/bug2000/Dev/UnityPlayground/UnityPlayground/Assets
GfxDevice: creating device client; threaded=0; jobified=0
2021-01-09 17:59:33.532 Unity[2662:169163] SAMSUNG preferred device: NVIDIA GeForce GT 750M (high power)
2021-01-09 17:59:33.532 Unity[2662:169163] Metal devices available: 2
2021-01-09 17:59:33.532 Unity[2662:169163] 0: NVIDIA GeForce GT 750M (high power)
2021-01-09 17:59:33.532 Unity[2662:169163] 1: Intel Iris Pro Graphics (low power)
2021-01-09 17:59:33.533 Unity[2662:169163] Using device NVIDIA GeForce GT 750M (high power)
Initializing Metal device caps: NVIDIA GeForce GT 750M
Initialize mono
Mono path[0] = '/Applications/Unity/Hub/Editor/2021.1.0b1/Unity.app/Contents/Managed'
Mono path[1] = '/Applications/Unity/Hub/Editor/2021.1.0b1/Unity.app/Contents/MonoBleedingEdge/lib/mono/unityjit'
Mono config path = '/Applications/Unity/Hub/Editor/2021.1.0b1/Unity.app/Contents/MonoBleedingEdge/etc'
Using monoOptions --debugger-agent=transport=dt_socket,embedding=1,server=y,suspend=n,address=127.0.0.1:56662
Begin MonoManager ReloadAssembly
Registering precompiled unity dll's ...
Register platform support module: /Applications/Unity/Hub/Editor/2021.1.0b1/PlaybackEngines/WebGLSupport/UnityEditor.WebGL.Extensions.dll
Register platform support module: /Applications/Unity/Hub/Editor/2021.1.0b1/Unity.app/Contents/PlaybackEngines/MacStandaloneSupport/UnityEditor.OSXStandalone.Extensions.dll
Register platform support module: /Applications/Unity/Hub/Editor/2021.1.0b1/PlaybackEngines/WindowsStandaloneSupport/UnityEditor.WindowsStandalone.Extensions.dll
Registered in 0.000985 seconds.
Native extension for WindowsStandalone target not found
Native extension for OSXStandalone target not found
Native extension for WebGL target not found
Refreshing native plugins compatible for Editor in 65.04 ms, found 2 plugins.
Preloading 0 native plugins for Editor in 0.00 ms.
Mono: successfully reloaded assembly
- Completed reload, in  2.982 seconds
Platform modules already initialized, skipping
Registering precompiled user dll's ...
Registered in 0.002679 seconds.
Begin MonoManager ReloadAssembly
Native extension for WindowsStandalone target not found
Native extension for OSXStandalone target not found
Native extension for WebGL target not found
Refreshing native plugins compatible for Editor in 68.37 ms, found 2 plugins.
Preloading 0 native plugins for Editor in 0.00 ms.
Mono: successfully reloaded assembly
- Completed reload, in  1.791 seconds
Platform modules already initialized, skipping
========================================================================
Worker process is ready to serve import requests
Launching external process: /Applications/Unity/Hub/Editor/2021.1.0b1/Unity.app/Contents/Tools/UnityShaderCompiler
Launched and connected shader compiler UnityShaderCompiler after 0.06 seconds
Refreshing native plugins compatible for Editor in 0.66 ms, found 2 plugins.
Preloading 0 native plugins for Editor in 0.00 ms.
Unloading 3238 Unused Serialized files (Serialized files now loaded: 0)
System memory in use before: 359.0 MB.
System memory in use after: 359.2 MB.

Unloading 123 unused Assets to reduce memory usage. Loaded Objects now: 3696.
Total: 3.840568 ms (FindLiveObjects: 0.472753 ms CreateObjectMapping: 0.256819 ms MarkObjects: 2.894682 ms  DeleteObjects: 0.215412 ms)

========================================================================
Received Import Request.
  path: Assets/Jammo-Character/Materials
  artifactKey: Guid(bed38063483647a43b9793440e0e391d) Importer(815301076,1909f56bfc062723c751e8b465ee728b)
Start importing Assets/Jammo-Character/Materials using Guid(bed38063483647a43b9793440e0e391d) Importer(815301076,1909f56bfc062723c751e8b465ee728b)  -> (artifact id: 'cb8a9148e15109d92deb8d2e9eb10901') in 0.006099 seconds 
========================================================================
Received Import Request.
  Time since last request: 0.028282 seconds.
  path: Assets/Jammo-Character/Models/Jammo_LowPoly.fbx
  artifactKey: Guid(82a2914d8f86c62488456950c8330e38) Importer(815301076,1909f56bfc062723c751e8b465ee728b)
Start importing Assets/Jammo-Character/Models/Jammo_LowPoly.fbx using Guid(82a2914d8f86c62488456950c8330e38) Importer(815301076,1909f56bfc062723c751e8b465ee728b)  -> (artifact id: '2ddf40d5e345ec92e89b3046b366c56a') in 1.516896 seconds 
========================================================================
Received Import Request.
  Time since last request: 0.029981 seconds.
  path: Assets/Jammo-Character/Models
  artifactKey: Guid(9a9668dd0126a234db37aeb2e80695fa) Importer(815301076,1909f56bfc062723c751e8b465ee728b)
Start importing Assets/Jammo-Character/Models using Guid(9a9668dd0126a234db37aeb2e80695fa) Importer(815301076,1909f56bfc062723c751e8b465ee728b)  -> (artifact id: 'b93c9cdf8af71c49ed0745ea2c2ae094') in 0.001021 seconds 
========================================================================
Received Import Request.
  Time since last request: 86.377666 seconds.
  path: Assets/Robot Kyle/Model
  artifactKey: Guid(917c6ed69269b417f9bb1d5bd95b844b) Importer(815301076,1909f56bfc062723c751e8b465ee728b)
Start importing Assets/Robot Kyle/Model using Guid(917c6ed69269b417f9bb1d5bd95b844b) Importer(815301076,1909f56bfc062723c751e8b465ee728b)  -> (artifact id: 'd039606cb14c1399bd23a7de218471fe') in 0.001181 seconds 
========================================================================
Received Import Request.
  Time since last request: 0.387366 seconds.
  path: Assets/Robot Kyle/Model/Robot Kyle.fbx
  artifactKey: Guid(320b1c2af77554f99a1658df4a6d3d5c) Importer(815301076,1909f56bfc062723c751e8b465ee728b)
Start importing Assets/Robot Kyle/Model/Robot Kyle.fbx using Guid(320b1c2af77554f99a1658df4a6d3d5c) Importer(815301076,1909f56bfc062723c751e8b465ee728b)  -> (artifact id: '88f6194ff4eebed9e4557e95682e7db3') in 0.353282 seconds 
========================================================================
Received Import Request.
  Time since last request: 426.139904 seconds.
  path: Assets/Character/Ch16_nonPBR@Jumping.fbx
  artifactKey: Guid(1bf4c575b6bec41fb94fb88753c9d406) Importer(815301076,1909f56bfc062723c751e8b465ee728b)
Start importing Assets/Character/Ch16_nonPBR@Jumping.fbx using Guid(1bf4c575b6bec41fb94fb88753c9d406) Importer(815301076,1909f56bfc062723c751e8b465ee728b)  -> (artifact id: 'f5bd2209765ee9cfe8483b4c0c0eaafd') in 1.154904 seconds 
========================================================================
Received Import Request.
  Time since last request: 582.259911 seconds.
  path: Assets/Character/Left Strafe Walk.anim
  artifactKey: Guid(83e85b109f9084d88b060489b6905a08) Importer(815301076,1909f56bfc062723c751e8b465ee728b)
Start importing Assets/Character/Left Strafe Walk.anim using Guid(83e85b109f9084d88b060489b6905a08) Importer(815301076,1909f56bfc062723c751e8b465ee728b)  -> (artifact id: '5b8d2d5ab72cefe2108d915870e8f161') in 1.310632 seconds 
========================================================================
Received Import Request.
  Time since last request: 33.124106 seconds.
  path: Assets/Character/Ch16_nonPBR@Jumping.fbx
  artifactKey: Guid(1bf4c575b6bec41fb94fb88753c9d406) Importer(815301076,1909f56bfc062723c751e8b465ee728b)
Start importing Assets/Character/Ch16_nonPBR@Jumping.fbx using Guid(1bf4c575b6bec41fb94fb88753c9d406) Importer(815301076,1909f56bfc062723c751e8b465ee728b)  -> (artifact id: '022260247698661f6229c0ec205b2368') in 0.301737 seconds 
========================================================================
Received Import Request.
  Time since last request: 0.027465 seconds.
  path: Assets/Character/Ch16_body1.mat
  artifactKey: Guid(0afe4def11feb4e69a62f34e32aad05f) Importer(815301076,1909f56bfc062723c751e8b465ee728b)
Start importing Assets/Character/Ch16_body1.mat using Guid(0afe4def11feb4e69a62f34e32aad05f) Importer(815301076,1909f56bfc062723c751e8b465ee728b)  -> (artifact id: '262a91e081ea86b37c05a0ce05574a1c') in 0.406934 seconds 
========================================================================
Received Import Request.
  Time since last request: 0.028431 seconds.
  path: Assets/Character/Ch16_eyelashes.mat
  artifactKey: Guid(8ba684eefd8ce4aee8b2a9ae07bd85b6) Importer(815301076,1909f56bfc062723c751e8b465ee728b)
Start importing Assets/Character/Ch16_eyelashes.mat using Guid(8ba684eefd8ce4aee8b2a9ae07bd85b6) Importer(815301076,1909f56bfc062723c751e8b465ee728b)  -> (artifact id: 'e5b2184a473a3e9a67afda2d54c4f0ac') in 0.013973 seconds 
========================================================================
Received Import Request.
  Time since last request: 0.021015 seconds.
  path: Assets/Character/Ch16_Body.mat
  artifactKey: Guid(17bf156469f5e452fa489ebc18a2ca94) Importer(815301076,1909f56bfc062723c751e8b465ee728b)
Start importing Assets/Character/Ch16_Body.mat using Guid(17bf156469f5e452fa489ebc18a2ca94) Importer(815301076,1909f56bfc062723c751e8b465ee728b)  -> (artifact id: '15ccb80c5b7653b76e3ac6a938d05c6b') in 0.014625 seconds 
========================================================================
Received Import Request.
  Time since last request: 59.400681 seconds.
  path: Assets/Jammo-Character/Materials/m_ground.mat
  artifactKey: Guid(ac02e0546055b854f8600e1708139ff8) Importer(815301076,1909f56bfc062723c751e8b465ee728b)
Start importing Assets/Jammo-Character/Materials/m_ground.mat using Guid(ac02e0546055b854f8600e1708139ff8) Importer(815301076,1909f56bfc062723c751e8b465ee728b)  -> (artifact id: '5a7acf8f4e45325e4dd68205ba2ceb66') in 0.018954 seconds 
========================================================================
Received Import Request.
  Time since last request: 0.028625 seconds.
  path: Assets/Jammo-Character/Materials/m_jammo_eyes.mat
  artifactKey: Guid(d5c0dc78f40c06c4e9356a3218da955b) Importer(815301076,1909f56bfc062723c751e8b465ee728b)
Start importing Assets/Jammo-Character/Materials/m_jammo_eyes.mat using Guid(d5c0dc78f40c06c4e9356a3218da955b) Importer(815301076,1909f56bfc062723c751e8b465ee728b)  -> (artifact id: 'c776809851352c7d2a58b90bb014efff') in 0.022439 seconds 
========================================================================
Received Import Request.
  Time since last request: 0.024587 seconds.
  path: Assets/Jammo-Character/Materials/Skybox.mat
  artifactKey: Guid(d69071256986a1c4bb4872d222c6ae6e) Importer(815301076,1909f56bfc062723c751e8b465ee728b)
Start importing Assets/Jammo-Character/Materials/Skybox.mat using Guid(d69071256986a1c4bb4872d222c6ae6e) Importer(815301076,1909f56bfc062723c751e8b465ee728b)  -> (artifact id: '52965f1b76245882c4fca0e45e391290') in 0.030025 seconds 
========================================================================
Received Import Request.
  Time since last request: 0.026093 seconds.
  path: Assets/Robot Kyle/Materials/Robot_Color.mat
  artifactKey: Guid(0aa851515cd3747d6b3b3e461199a2ed) Importer(815301076,1909f56bfc062723c751e8b465ee728b)
Start importing Assets/Robot Kyle/Materials/Robot_Color.mat using Guid(0aa851515cd3747d6b3b3e461199a2ed) Importer(815301076,1909f56bfc062723c751e8b465ee728b)  -> (artifact id: '83f42c1bcbf403f7b6d8c1fa661e6782') in 0.065764 seconds 
========================================================================
Received Import Request.
  Time since last request: 0.023415 seconds.
  path: Assets/Jammo-Character/Materials/m_jammo_metal.mat
  artifactKey: Guid(60c2f0e0aaa8f8d4e9d23d7e3768653b) Importer(815301076,1909f56bfc062723c751e8b465ee728b)
Start importing Assets/Jammo-Character/Materials/m_jammo_metal.mat using Guid(60c2f0e0aaa8f8d4e9d23d7e3768653b) Importer(815301076,1909f56bfc062723c751e8b465ee728b)  -> (artifact id: 'd33a9d82ff90562ed8d4a5875692abcc') in 0.093571 seconds 
========================================================================
Received Import Request.
  Time since last request: 8.064544 seconds.
  path: Assets/Character/Ch16_nonPBR@Jumping.fbx
  artifactKey: Guid(1bf4c575b6bec41fb94fb88753c9d406) Importer(815301076,1909f56bfc062723c751e8b465ee728b)
Start importing Assets/Character/Ch16_nonPBR@Jumping.fbx using Guid(1bf4c575b6bec41fb94fb88753c9d406) Importer(815301076,1909f56bfc062723c751e8b465ee728b)  -> (artifact id: '8a3fc520f89cb6691fde288ef7b4c399') in 0.195681 seconds 
========================================================================
Received Import Request.
  Time since last request: 4.708564 seconds.
  path: Assets/Character/Ch16_nonPBR@Jumping.fbx
  artifactKey: Guid(1bf4c575b6bec41fb94fb88753c9d406) Importer(815301076,1909f56bfc062723c751e8b465ee728b)
Start importing Assets/Character/Ch16_nonPBR@Jumping.fbx using Guid(1bf4c575b6bec41fb94fb88753c9d406) Importer(815301076,1909f56bfc062723c751e8b465ee728b)  -> (artifact id: 'e5e153b2fb0f8d11cddaabe7ecb07427') in 0.157009 seconds 
========================================================================
Received Import Request.
  Time since last request: 25.273907 seconds.
  path: Assets/Jammo-Character/Textures/jammo_eyes.png
  artifactKey: Guid(09beef63c41c25b458d2f95fdfd9e0e5) Importer(815301076,1909f56bfc062723c751e8b465ee728b)
Start importing Assets/Jammo-Character/Textures/jammo_eyes.png using Guid(09beef63c41c25b458d2f95fdfd9e0e5) Importer(815301076,1909f56bfc062723c751e8b465ee728b)  -> (artifact id: '4ea7138634e0bb153c80e3c979fff47a') in 1.222929 seconds 
========================================================================
Received Import Request.
  Time since last request: 0.029470 seconds.
  path: Assets/Jammo-Character/Textures/mixbot_low_mixamo_edit1_MetallicSmoothness.png
  artifactKey: Guid(3a5a871d579c2da4094f823d674595eb) Importer(815301076,1909f56bfc062723c751e8b465ee728b)
Start importing Assets/Jammo-Character/Textures/mixbot_low_mixamo_edit1_MetallicSmoothness.png using Guid(3a5a871d579c2da4094f823d674595eb) Importer(815301076,1909f56bfc062723c751e8b465ee728b)  -> (artifact id: '00288d4737aba0faddea8fc5a68cc26d') in 0.051529 seconds 
========================================================================
Received Import Request.
  Time since last request: 0.024376 seconds.
  path: Assets/Jammo-Character/Textures/mixbot_low_mixamo_edit1_AlbedoTransparency.png
  artifactKey: Guid(fb6e06c953f0d8045bc58e0f5a640f07) Importer(815301076,1909f56bfc062723c751e8b465ee728b)
Start importing Assets/Jammo-Character/Textures/mixbot_low_mixamo_edit1_AlbedoTransparency.png using Guid(fb6e06c953f0d8045bc58e0f5a640f07) Importer(815301076,1909f56bfc062723c751e8b465ee728b)  -> (artifact id: '59166e29a598029fbbe5b9446827d9e0') in 0.034074 seconds 
========================================================================
Received Import Request.
  Time since last request: 0.023860 seconds.
  path: Assets/Jammo-Character/Textures/mixbot_low_mixamo_edit1_AO.png
  artifactKey: Guid(6a0fb4aa4de843c45a776e5a4ac9dd69) Importer(815301076,1909f56bfc062723c751e8b465ee728b)
Start importing Assets/Jammo-Character/Textures/mixbot_low_mixamo_edit1_AO.png using Guid(6a0fb4aa4de843c45a776e5a4ac9dd69) Importer(815301076,1909f56bfc062723c751e8b465ee728b)  -> (artifact id: '59565e454b9896ee07ffaafa8bf60718') in 0.026714 seconds 
========================================================================
Received Import Request.
  Time since last request: 687.057765 seconds.
  path: Assets/Character/Ch16_body1.mat
  artifactKey: Guid(0afe4def11feb4e69a62f34e32aad05f) Importer(815301076,1909f56bfc062723c751e8b465ee728b)
Start importing Assets/Character/Ch16_body1.mat using Guid(0afe4def11feb4e69a62f34e32aad05f) Importer(815301076,1909f56bfc062723c751e8b465ee728b)  -> (artifact id: '143f025493d2b24947b57a96e789984e') in 0.021696 seconds 
========================================================================
Received Import Request.
  Time since last request: 0.027639 seconds.
  path: Assets/Character/Ch16_eyelashes.mat
  artifactKey: Guid(8ba684eefd8ce4aee8b2a9ae07bd85b6) Importer(815301076,1909f56bfc062723c751e8b465ee728b)
Start importing Assets/Character/Ch16_eyelashes.mat using Guid(8ba684eefd8ce4aee8b2a9ae07bd85b6) Importer(815301076,1909f56bfc062723c751e8b465ee728b)  -> (artifact id: 'aeb29fad4625a589f3ecf366bb230ed7') in 0.013030 seconds 
========================================================================
Received Import Request.
  Time since last request: 213.179788 seconds.
  path: Assets/Character/RetargetController.controller
  artifactKey: Guid(716218600fcb44b76bf7c2becfd65ee6) Importer(815301076,1909f56bfc062723c751e8b465ee728b)
Start importing Assets/Character/RetargetController.controller using Guid(716218600fcb44b76bf7c2becfd65ee6) Importer(815301076,1909f56bfc062723c751e8b465ee728b)  -> (artifact id: '8454744bc7ec4fa6f3ef58f7c8e88917') in 0.197512 seconds 
========================================================================
Received Import Request.
  Time since last request: 3.241097 seconds.
  path: Assets/Character/YBotController.controller
  artifactKey: Guid(04258120f942a4847a467ce94a4ef725) Importer(815301076,1909f56bfc062723c751e8b465ee728b)
Start importing Assets/Character/YBotController.controller using Guid(04258120f942a4847a467ce94a4ef725) Importer(815301076,1909f56bfc062723c751e8b465ee728b)  -> (artifact id: '510a2a4a2cb9ffda9a5798dbe514eb0c') in 0.074021 seconds 
========================================================================
Received Import Request.
  Time since last request: 67.986352 seconds.
  path: Assets/Character/Jumping.anim
  artifactKey: Guid(d3c88eec65d8b4cb99b53becb261641f) Importer(815301076,1909f56bfc062723c751e8b465ee728b)
Start importing Assets/Character/Jumping.anim using Guid(d3c88eec65d8b4cb99b53becb261641f) Importer(815301076,1909f56bfc062723c751e8b465ee728b)  -> (artifact id: 'b003aa95a57de487f1b19befc2c85dbb') in 0.012637 seconds 
========================================================================
Received Prepare
Registering precompiled user dll's ...
Registered in 0.003840 seconds.
Begin MonoManager ReloadAssembly
Native extension for WindowsStandalone target not found
Native extension for OSXStandalone target not found
Native extension for WebGL target not found
Refreshing native plugins compatible for Editor in 0.56 ms, found 2 plugins.
Preloading 0 native plugins for Editor in 0.00 ms.
Warning: Annotation not found!
UnityEngine.StackTraceUtility:ExtractStackTrace () (at /Users/bokken/buildslave/unity/build/Runtime/Export/Scripting/StackTrace.cs:37)
UnityEditor.ProBuilder.EditorUtility:SetGizmoIconEnabled (System.Type,bool) (at Library/PackageCache/com.unity.probuilder@5.0.0-pre.7/Editor/EditorCore/EditorUtility.cs:569)
UnityEditor.ProBuilder.HierarchyListener:.cctor () (at Library/PackageCache/com.unity.probuilder@5.0.0-pre.7/Editor/EditorCore/HierarchyListener.cs:21)
System.Runtime.CompilerServices.RuntimeHelpers:RunClassConstructor (System.RuntimeTypeHandle)
UnityEditor.EditorAssemblies:ProcessInitializeOnLoadAttributes (System.Type[]) (at /Users/bokken/buildslave/unity/build/Editor/Mono/EditorAssemblies.cs:114)

[Library/PackageCache/com.unity.probuilder@5.0.0-pre.7/Editor/EditorCore/EditorUtility.cs line 569]

Mono: successfully reloaded assembly
- Completed reload, in  1.565 seconds
Platform modules already initialized, skipping
Refreshing native plugins compatible for Editor in 0.67 ms, found 2 plugins.
Preloading 0 native plugins for Editor in 0.00 ms.
Unloading 3164 Unused Serialized files (Serialized files now loaded: 0)
System memory in use before: 411.7 MB.
System memory in use after: 411.8 MB.

Unloading 18 unused Assets to reduce memory usage. Loaded Objects now: 3806.
Total: 3.558867 ms (FindLiveObjects: 0.337675 ms CreateObjectMapping: 0.135127 ms MarkObjects: 2.954759 ms  DeleteObjects: 0.129514 ms)

========================================================================
Received Import Request.
  Time since last request: 623.824961 seconds.
  path: Assets/Character/Ch16_nonPBR@Jumping.fbx
  artifactKey: Guid(1bf4c575b6bec41fb94fb88753c9d406) Importer(815301076,1909f56bfc062723c751e8b465ee728b)
Start importing Assets/Character/Ch16_nonPBR@Jumping.fbx using Guid(1bf4c575b6bec41fb94fb88753c9d406) Importer(815301076,1909f56bfc062723c751e8b465ee728b)  -> (artifact id: 'f7d2450c485786009fd4c3e5f4ffb27d') in 0.212456 seconds 
========================================================================
Received Import Request.
  Time since last request: 4934.741700 seconds.
  path: Assets/Character/Ch16_nonPBR@Jumping.fbx
  artifactKey: Guid(1bf4c575b6bec41fb94fb88753c9d406) Importer(815301076,1909f56bfc062723c751e8b465ee728b)
Start importing Assets/Character/Ch16_nonPBR@Jumping.fbx using Guid(1bf4c575b6bec41fb94fb88753c9d406) Importer(815301076,1909f56bfc062723c751e8b465ee728b)  -> (artifact id: '19af292160212ce2f536fe3b4c3578dd') in 0.254311 seconds 
========================================================================
Received Import Request.
  Time since last request: 92.305489 seconds.
  path: Assets/Character/Ch16_nonPBR@JumpingAvatar.asset
  artifactKey: Guid(73bc8da4b5b49491d96da6762f501b95) Importer(815301076,1909f56bfc062723c751e8b465ee728b)
Start importing Assets/Character/Ch16_nonPBR@JumpingAvatar.asset using Guid(73bc8da4b5b49491d96da6762f501b95) Importer(815301076,1909f56bfc062723c751e8b465ee728b)  -> (artifact id: '30109d6cfc548dad771a200fcb494216') in 0.185350 seconds 
========================================================================
Received Import Request.
  Time since last request: 160.482442 seconds.
  path: Assets/Character/Jumping.anim
  artifactKey: Guid(d3c88eec65d8b4cb99b53becb261641f) Importer(815301076,1909f56bfc062723c751e8b465ee728b)
Start importing Assets/Character/Jumping.anim using Guid(d3c88eec65d8b4cb99b53becb261641f) Importer(815301076,1909f56bfc062723c751e8b465ee728b)  -> (artifact id: 'd08393fe9ea01c7e7ac7f2461864e632') in 0.026046 seconds 
========================================================================
Received Prepare
Registering precompiled user dll's ...
Registered in 0.003486 seconds.
Begin MonoManager ReloadAssembly
Native extension for WindowsStandalone target not found
Native extension for OSXStandalone target not found
Native extension for WebGL target not found
Refreshing native plugins compatible for Editor in 0.62 ms, found 2 plugins.
Preloading 0 native plugins for Editor in 0.00 ms.
Warning: Annotation not found!
UnityEngine.StackTraceUtility:ExtractStackTrace () (at /Users/bokken/buildslave/unity/build/Runtime/Export/Scripting/StackTrace.cs:37)
UnityEditor.ProBuilder.EditorUtility:SetGizmoIconEnabled (System.Type,bool) (at Library/PackageCache/com.unity.probuilder@5.0.0-pre.7/Editor/EditorCore/EditorUtility.cs:569)
UnityEditor.ProBuilder.HierarchyListener:.cctor () (at Library/PackageCache/com.unity.probuilder@5.0.0-pre.7/Editor/EditorCore/HierarchyListener.cs:21)
System.Runtime.CompilerServices.RuntimeHelpers:RunClassConstructor (System.RuntimeTypeHandle)
UnityEditor.EditorAssemblies:ProcessInitializeOnLoadAttributes (System.Type[]) (at /Users/bokken/buildslave/unity/build/Editor/Mono/EditorAssemblies.cs:114)

[Library/PackageCache/com.unity.probuilder@5.0.0-pre.7/Editor/EditorCore/EditorUtility.cs line 569]

Mono: successfully reloaded assembly
- Completed reload, in  1.523 seconds
Platform modules already initialized, skipping
Refreshing native plugins compatible for Editor in 0.62 ms, found 2 plugins.
Preloading 0 native plugins for Editor in 0.00 ms.
Unloading 3160 Unused Serialized files (Serialized files now loaded: 0)
System memory in use before: 417.2 MB.
System memory in use after: 417.4 MB.

Unloading 15 unused Assets to reduce memory usage. Loaded Objects now: 3809.
Total: 4.546771 ms (FindLiveObjects: 0.537247 ms CreateObjectMapping: 0.269861 ms MarkObjects: 3.583063 ms  DeleteObjects: 0.154737 ms)

========================================================================
Received Import Request.
  Time since last request: 93.560103 seconds.
  path: Assets/Jammo-Character/Models/Jammo_LowPoly.fbx
  artifactKey: Guid(82a2914d8f86c62488456950c8330e38) Importer(815301076,1909f56bfc062723c751e8b465ee728b)
Start importing Assets/Jammo-Character/Models/Jammo_LowPoly.fbx using Guid(82a2914d8f86c62488456950c8330e38) Importer(815301076,1909f56bfc062723c751e8b465ee728b)  -> (artifact id: '99f132f6d40bd47485b06b9c9c162895') in 0.447737 seconds 
========================================================================
Received Import Request.
  Time since last request: 29.074902 seconds.
  path: Assets/Robot Kyle/Model/Robot Kyle.fbx
  artifactKey: Guid(320b1c2af77554f99a1658df4a6d3d5c) Importer(815301076,1909f56bfc062723c751e8b465ee728b)
Start importing Assets/Robot Kyle/Model/Robot Kyle.fbx using Guid(320b1c2af77554f99a1658df4a6d3d5c) Importer(815301076,1909f56bfc062723c751e8b465ee728b)  -> (artifact id: 'c7d761161dbf0871caded36df812e57f') in 0.068799 seconds 
========================================================================
Received Import Request.
  Time since last request: 194.418936 seconds.
  path: Assets/Character/xbot@Sad Idle.fbx
  artifactKey: Guid(0fe713f07e74b4853a36e3ef04c371c7) Importer(815301076,1909f56bfc062723c751e8b465ee728b)
Start importing Assets/Character/xbot@Sad Idle.fbx using Guid(0fe713f07e74b4853a36e3ef04c371c7) Importer(815301076,1909f56bfc062723c751e8b465ee728b)  -> (artifact id: '5fb538df7a5a379a6482e26db524c96d') in 0.162851 seconds 
========================================================================
Received Prepare
Registering precompiled user dll's ...
Registered in 0.004879 seconds.
Begin MonoManager ReloadAssembly
Native extension for WindowsStandalone target not found
Native extension for OSXStandalone target not found
Native extension for WebGL target not found
Refreshing native plugins compatible for Editor in 0.63 ms, found 2 plugins.
Preloading 0 native plugins for Editor in 0.00 ms.
Warning: Annotation not found!
UnityEngine.StackTraceUtility:ExtractStackTrace () (at /Users/bokken/buildslave/unity/build/Runtime/Export/Scripting/StackTrace.cs:37)
UnityEditor.ProBuilder.EditorUtility:SetGizmoIconEnabled (System.Type,bool) (at Library/PackageCache/com.unity.probuilder@5.0.0-pre.7/Editor/EditorCore/EditorUtility.cs:569)
UnityEditor.ProBuilder.HierarchyListener:.cctor () (at Library/PackageCache/com.unity.probuilder@5.0.0-pre.7/Editor/EditorCore/HierarchyListener.cs:21)
System.Runtime.CompilerServices.RuntimeHelpers:RunClassConstructor (System.RuntimeTypeHandle)
UnityEditor.EditorAssemblies:ProcessInitializeOnLoadAttributes (System.Type[]) (at /Users/bokken/buildslave/unity/build/Editor/Mono/EditorAssemblies.cs:114)

[Library/PackageCache/com.unity.probuilder@5.0.0-pre.7/Editor/EditorCore/EditorUtility.cs line 569]

Mono: successfully reloaded assembly
- Completed reload, in  1.876 seconds
Platform modules already initialized, skipping
Refreshing native plugins compatible for Editor in 0.66 ms, found 2 plugins.
Preloading 0 native plugins for Editor in 0.00 ms.
Unloading 3160 Unused Serialized files (Serialized files now loaded: 0)
System memory in use before: 419.1 MB.
System memory in use after: 419.3 MB.

Unloading 15 unused Assets to reduce memory usage. Loaded Objects now: 3812.
Total: 4.737852 ms (FindLiveObjects: 0.322628 ms CreateObjectMapping: 0.171890 ms MarkObjects: 4.079405 ms  DeleteObjects: 0.162611 ms)

========================================================================
Received Prepare
Registering precompiled user dll's ...
Registered in 0.004825 seconds.
Begin MonoManager ReloadAssembly
Native extension for WindowsStandalone target not found
Native extension for OSXStandalone target not found
Native extension for WebGL target not found
Refreshing native plugins compatible for Editor in 0.56 ms, found 2 plugins.
Preloading 0 native plugins for Editor in 0.00 ms.
Warning: Annotation not found!
UnityEngine.StackTraceUtility:ExtractStackTrace () (at /Users/bokken/buildslave/unity/build/Runtime/Export/Scripting/StackTrace.cs:37)
UnityEditor.ProBuilder.EditorUtility:SetGizmoIconEnabled (System.Type,bool) (at Library/PackageCache/com.unity.probuilder@5.0.0-pre.7/Editor/EditorCore/EditorUtility.cs:569)
UnityEditor.ProBuilder.HierarchyListener:.cctor () (at Library/PackageCache/com.unity.probuilder@5.0.0-pre.7/Editor/EditorCore/HierarchyListener.cs:21)
System.Runtime.CompilerServices.RuntimeHelpers:RunClassConstructor (System.RuntimeTypeHandle)
UnityEditor.EditorAssemblies:ProcessInitializeOnLoadAttributes (System.Type[]) (at /Users/bokken/buildslave/unity/build/Editor/Mono/EditorAssemblies.cs:114)

[Library/PackageCache/com.unity.probuilder@5.0.0-pre.7/Editor/EditorCore/EditorUtility.cs line 569]

Mono: successfully reloaded assembly
- Completed reload, in  1.405 seconds
Platform modules already initialized, skipping
Refreshing native plugins compatible for Editor in 0.58 ms, found 2 plugins.
Preloading 0 native plugins for Editor in 0.00 ms.
Unloading 3160 Unused Serialized files (Serialized files now loaded: 0)
System memory in use before: 419.7 MB.
System memory in use after: 419.8 MB.

Unloading 15 unused Assets to reduce memory usage. Loaded Objects now: 3814.
Total: 5.130119 ms (FindLiveObjects: 0.462575 ms CreateObjectMapping: 0.189215 ms MarkObjects: 4.311948 ms  DeleteObjects: 0.164978 ms)

========================================================================
Received Prepare
Registering precompiled user dll's ...
Registered in 0.002183 seconds.
Begin MonoManager ReloadAssembly
Native extension for WindowsStandalone target not found
Native extension for OSXStandalone target not found
Native extension for WebGL target not found
Refreshing native plugins compatible for Editor in 0.59 ms, found 2 plugins.
Preloading 0 native plugins for Editor in 0.00 ms.
Warning: Annotation not found!
UnityEngine.StackTraceUtility:ExtractStackTrace () (at /Users/bokken/buildslave/unity/build/Runtime/Export/Scripting/StackTrace.cs:37)
UnityEditor.ProBuilder.EditorUtility:SetGizmoIconEnabled (System.Type,bool) (at Library/PackageCache/com.unity.probuilder@5.0.0-pre.7/Editor/EditorCore/EditorUtility.cs:569)
UnityEditor.ProBuilder.HierarchyListener:.cctor () (at Library/PackageCache/com.unity.probuilder@5.0.0-pre.7/Editor/EditorCore/HierarchyListener.cs:21)
System.Runtime.CompilerServices.RuntimeHelpers:RunClassConstructor (System.RuntimeTypeHandle)
UnityEditor.EditorAssemblies:ProcessInitializeOnLoadAttributes (System.Type[]) (at /Users/bokken/buildslave/unity/build/Editor/Mono/EditorAssemblies.cs:114)

[Library/PackageCache/com.unity.probuilder@5.0.0-pre.7/Editor/EditorCore/EditorUtility.cs line 569]

Mono: successfully reloaded assembly
- Completed reload, in  1.382 seconds
Platform modules already initialized, skipping
Refreshing native plugins compatible for Editor in 0.65 ms, found 2 plugins.
Preloading 0 native plugins for Editor in 0.00 ms.
Unloading 3160 Unused Serialized files (Serialized files now loaded: 0)
System memory in use before: 420.2 MB.
System memory in use after: 420.4 MB.

Unloading 15 unused Assets to reduce memory usage. Loaded Objects now: 3816.
Total: 4.467722 ms (FindLiveObjects: 0.443013 ms CreateObjectMapping: 0.191513 ms MarkObjects: 3.686411 ms  DeleteObjects: 0.145368 ms)

========================================================================
Received Import Request.
  Time since last request: 446.412081 seconds.
  path: Assets/Character/xbot@Orc Idle.fbx
  artifactKey: Guid(733ccccbfd3514e9a952d72a29cb4625) Importer(815301076,1909f56bfc062723c751e8b465ee728b)
Start importing Assets/Character/xbot@Orc Idle.fbx using Guid(733ccccbfd3514e9a952d72a29cb4625) Importer(815301076,1909f56bfc062723c751e8b465ee728b)  -> (artifact id: '1e82a11fef0a7cd6fa912d9e2f4e69a9') in 0.233270 seconds 
========================================================================
Received Prepare
Registering precompiled user dll's ...
Registered in 0.003211 seconds.
Begin MonoManager ReloadAssembly
Native extension for WindowsStandalone target not found
Native extension for OSXStandalone target not found
Native extension for WebGL target not found
Refreshing native plugins compatible for Editor in 0.59 ms, found 2 plugins.
Preloading 0 native plugins for Editor in 0.00 ms.
Warning: Annotation not found!
UnityEngine.StackTraceUtility:ExtractStackTrace () (at /Users/bokken/buildslave/unity/build/Runtime/Export/Scripting/StackTrace.cs:37)
UnityEditor.ProBuilder.EditorUtility:SetGizmoIconEnabled (System.Type,bool) (at Library/PackageCache/com.unity.probuilder@5.0.0-pre.7/Editor/EditorCore/EditorUtility.cs:569)
UnityEditor.ProBuilder.HierarchyListener:.cctor () (at Library/PackageCache/com.unity.probuilder@5.0.0-pre.7/Editor/EditorCore/HierarchyListener.cs:21)
System.Runtime.CompilerServices.RuntimeHelpers:RunClassConstructor (System.RuntimeTypeHandle)
UnityEditor.EditorAssemblies:ProcessInitializeOnLoadAttributes (System.Type[]) (at /Users/bokken/buildslave/unity/build/Editor/Mono/EditorAssemblies.cs:114)

[Library/PackageCache/com.unity.probuilder@5.0.0-pre.7/Editor/EditorCore/EditorUtility.cs line 569]

Mono: successfully reloaded assembly
- Completed reload, in  1.443 seconds
Platform modules already initialized, skipping
Refreshing native plugins compatible for Editor in 0.57 ms, found 2 plugins.
Preloading 0 native plugins for Editor in 0.00 ms.
Unloading 3160 Unused Serialized files (Serialized files now loaded: 0)
System memory in use before: 420.9 MB.
System memory in use after: 421.1 MB.

Unloading 15 unused Assets to reduce memory usage. Loaded Objects now: 3819.
Total: 4.850789 ms (FindLiveObjects: 0.556069 ms CreateObjectMapping: 0.261842 ms MarkObjects: 3.869016 ms  DeleteObjects: 0.161902 ms)

========================================================================
Received Import Request.
  Time since last request: 133.183741 seconds.
  path: Assets/Jammo-Character/Models/Jammo_LowPoly.fbx
  artifactKey: Guid(82a2914d8f86c62488456950c8330e38) Importer(815301076,1909f56bfc062723c751e8b465ee728b)
Start importing Assets/Jammo-Character/Models/Jammo_LowPoly.fbx using Guid(82a2914d8f86c62488456950c8330e38) Importer(815301076,1909f56bfc062723c751e8b465ee728b)  -> (artifact id: 'dab1211ba60c9ef25aa17b91faa8afec') in 0.393917 seconds 
========================================================================
Received Import Request.
  Time since last request: 10.864327 seconds.
  path: Assets/Robot Kyle/Model/Robot Kyle.fbx
  artifactKey: Guid(320b1c2af77554f99a1658df4a6d3d5c) Importer(815301076,1909f56bfc062723c751e8b465ee728b)
Start importing Assets/Robot Kyle/Model/Robot Kyle.fbx using Guid(320b1c2af77554f99a1658df4a6d3d5c) Importer(815301076,1909f56bfc062723c751e8b465ee728b)  -> (artifact id: 'eb975575ac758806a1211fefb9ec41e2') in 0.054836 seconds 
========================================================================
Received Import Request.
  Time since last request: 61.697404 seconds.
  path: Assets/Character/Ch16_nonPBR@Jumping.fbx
  artifactKey: Guid(1bf4c575b6bec41fb94fb88753c9d406) Importer(815301076,1909f56bfc062723c751e8b465ee728b)
Start importing Assets/Character/Ch16_nonPBR@Jumping.fbx using Guid(1bf4c575b6bec41fb94fb88753c9d406) Importer(815301076,1909f56bfc062723c751e8b465ee728b)  -> (artifact id: '93f90e3cd012afbe7695709acd7c1939') in 0.219535 seconds 
========================================================================
Received Import Request.
  Time since last request: 47.728209 seconds.
  path: Assets/Character/Jumping.anim
  artifactKey: Guid(d3c88eec65d8b4cb99b53becb261641f) Importer(815301076,1909f56bfc062723c751e8b465ee728b)
Start importing Assets/Character/Jumping.anim using Guid(d3c88eec65d8b4cb99b53becb261641f) Importer(815301076,1909f56bfc062723c751e8b465ee728b)  -> (artifact id: 'afa5ebb9003e7f8eaf0576ffa9d4dd61') in 0.023200 seconds 
========================================================================
Received Import Request.
  Time since last request: 14.198939 seconds.
  path: Assets/Character/JumpingHumanoid.anim
  artifactKey: Guid(d3c88eec65d8b4cb99b53becb261641f) Importer(815301076,1909f56bfc062723c751e8b465ee728b)
Start importing Assets/Character/JumpingHumanoid.anim using Guid(d3c88eec65d8b4cb99b53becb261641f) Importer(815301076,1909f56bfc062723c751e8b465ee728b)  -> (artifact id: 'e7aa4c16408cef84df63489052a82238') in 0.016715 seconds 
========================================================================
Received Import Request.
  Time since last request: 14.775227 seconds.
  path: Assets/Character/RetargetController.controller
  artifactKey: Guid(716218600fcb44b76bf7c2becfd65ee6) Importer(815301076,1909f56bfc062723c751e8b465ee728b)
Start importing Assets/Character/RetargetController.controller using Guid(716218600fcb44b76bf7c2becfd65ee6) Importer(815301076,1909f56bfc062723c751e8b465ee728b)  -> (artifact id: '1fa511bfd9f88af864674d078f2b713d') in 0.022929 seconds 
========================================================================
Received Import Request.
  Time since last request: 22.503005 seconds.
  path: Assets/Character/JumpingHumanoid.anim
  artifactKey: Guid(d3c88eec65d8b4cb99b53becb261641f) Importer(815301076,1909f56bfc062723c751e8b465ee728b)
Start importing Assets/Character/JumpingHumanoid.anim using Guid(d3c88eec65d8b4cb99b53becb261641f) Importer(815301076,1909f56bfc062723c751e8b465ee728b)  -> (artifact id: '80709c14073c06d9802c6f5751a4aaef') in 0.022285 seconds 
========================================================================
Received Prepare
Registering precompiled user dll's ...
Registered in 0.004272 seconds.
Begin MonoManager ReloadAssembly
Native extension for WindowsStandalone target not found
Native extension for OSXStandalone target not found
Native extension for WebGL target not found
Refreshing native plugins compatible for Editor in 0.58 ms, found 2 plugins.
Preloading 0 native plugins for Editor in 0.00 ms.
Warning: Annotation not found!
UnityEngine.StackTraceUtility:ExtractStackTrace () (at /Users/bokken/buildslave/unity/build/Runtime/Export/Scripting/StackTrace.cs:37)
UnityEditor.ProBuilder.EditorUtility:SetGizmoIconEnabled (System.Type,bool) (at Library/PackageCache/com.unity.probuilder@5.0.0-pre.7/Editor/EditorCore/EditorUtility.cs:569)
UnityEditor.ProBuilder.HierarchyListener:.cctor () (at Library/PackageCache/com.unity.probuilder@5.0.0-pre.7/Editor/EditorCore/HierarchyListener.cs:21)
System.Runtime.CompilerServices.RuntimeHelpers:RunClassConstructor (System.RuntimeTypeHandle)
UnityEditor.EditorAssemblies:ProcessInitializeOnLoadAttributes (System.Type[]) (at /Users/bokken/buildslave/unity/build/Editor/Mono/EditorAssemblies.cs:114)

[Library/PackageCache/com.unity.probuilder@5.0.0-pre.7/Editor/EditorCore/EditorUtility.cs line 569]

Mono: successfully reloaded assembly
- Completed reload, in  1.417 seconds
Platform modules already initialized, skipping
Refreshing native plugins compatible for Editor in 0.64 ms, found 2 plugins.
Preloading 0 native plugins for Editor in 0.00 ms.
Unloading 3160 Unused Serialized files (Serialized files now loaded: 0)
System memory in use before: 422.9 MB.
System memory in use after: 423.1 MB.

Unloading 15 unused Assets to reduce memory usage. Loaded Objects now: 3822.
Total: 4.356148 ms (FindLiveObjects: 0.510786 ms CreateObjectMapping: 0.359332 ms MarkObjects: 3.352756 ms  DeleteObjects: 0.132056 ms)

========================================================================
Received Prepare
Registering precompiled user dll's ...
Registered in 0.001330 seconds.
Begin MonoManager ReloadAssembly
Native extension for WindowsStandalone target not found
Native extension for OSXStandalone target not found
Native extension for WebGL target not found
Refreshing native plugins compatible for Editor in 0.60 ms, found 2 plugins.
Preloading 0 native plugins for Editor in 0.00 ms.
Warning: Annotation not found!
UnityEngine.StackTraceUtility:ExtractStackTrace () (at /Users/bokken/buildslave/unity/build/Runtime/Export/Scripting/StackTrace.cs:37)
UnityEditor.ProBuilder.EditorUtility:SetGizmoIconEnabled (System.Type,bool) (at Library/PackageCache/com.unity.probuilder@5.0.0-pre.7/Editor/EditorCore/EditorUtility.cs:569)
UnityEditor.ProBuilder.HierarchyListener:.cctor () (at Library/PackageCache/com.unity.probuilder@5.0.0-pre.7/Editor/EditorCore/HierarchyListener.cs:21)
System.Runtime.CompilerServices.RuntimeHelpers:RunClassConstructor (System.RuntimeTypeHandle)
UnityEditor.EditorAssemblies:ProcessInitializeOnLoadAttributes (System.Type[]) (at /Users/bokken/buildslave/unity/build/Editor/Mono/EditorAssemblies.cs:114)

[Library/PackageCache/com.unity.probuilder@5.0.0-pre.7/Editor/EditorCore/EditorUtility.cs line 569]

Mono: successfully reloaded assembly
- Completed reload, in  1.404 seconds
Platform modules already initialized, skipping
Refreshing native plugins compatible for Editor in 0.64 ms, found 2 plugins.
Preloading 0 native plugins for Editor in 0.00 ms.
Unloading 3160 Unused Serialized files (Serialized files now loaded: 0)
System memory in use before: 423.3 MB.
System memory in use after: 423.5 MB.

Unloading 15 unused Assets to reduce memory usage. Loaded Objects now: 3824.
Total: 3.507136 ms (FindLiveObjects: 0.397923 ms CreateObjectMapping: 0.150122 ms MarkObjects: 2.830333 ms  DeleteObjects: 0.127113 ms)

========================================================================
Received Prepare
Registering precompiled user dll's ...
Registered in 0.002863 seconds.
Begin MonoManager ReloadAssembly
Native extension for WindowsStandalone target not found
Native extension for OSXStandalone target not found
Native extension for WebGL target not found
Refreshing native plugins compatible for Editor in 0.72 ms, found 2 plugins.
Preloading 0 native plugins for Editor in 0.00 ms.
Warning: Annotation not found!
UnityEngine.StackTraceUtility:ExtractStackTrace () (at /Users/bokken/buildslave/unity/build/Runtime/Export/Scripting/StackTrace.cs:37)
UnityEditor.ProBuilder.EditorUtility:SetGizmoIconEnabled (System.Type,bool) (at Library/PackageCache/com.unity.probuilder@5.0.0-pre.7/Editor/EditorCore/EditorUtility.cs:569)
UnityEditor.ProBuilder.HierarchyListener:.cctor () (at Library/PackageCache/com.unity.probuilder@5.0.0-pre.7/Editor/EditorCore/HierarchyListener.cs:21)
System.Runtime.CompilerServices.RuntimeHelpers:RunClassConstructor (System.RuntimeTypeHandle)
UnityEditor.EditorAssemblies:ProcessInitializeOnLoadAttributes (System.Type[]) (at /Users/bokken/buildslave/unity/build/Editor/Mono/EditorAssemblies.cs:114)

[Library/PackageCache/com.unity.probuilder@5.0.0-pre.7/Editor/EditorCore/EditorUtility.cs line 569]

Mono: successfully reloaded assembly
- Completed reload, in  1.544 seconds
Platform modules already initialized, skipping
Refreshing native plugins compatible for Editor in 0.63 ms, found 2 plugins.
Preloading 0 native plugins for Editor in 0.00 ms.
Unloading 3160 Unused Serialized files (Serialized files now loaded: 0)
System memory in use before: 423.8 MB.
System memory in use after: 424.0 MB.

Unloading 15 unused Assets to reduce memory usage. Loaded Objects now: 3826.
Total: 3.402832 ms (FindLiveObjects: 0.330193 ms CreateObjectMapping: 0.143632 ms MarkObjects: 2.800260 ms  DeleteObjects: 0.127416 ms)

========================================================================
Received Prepare
Registering precompiled user dll's ...
Registered in 0.001388 seconds.
Begin MonoManager ReloadAssembly
Native extension for WindowsStandalone target not found
Native extension for OSXStandalone target not found
Native extension for WebGL target not found
Refreshing native plugins compatible for Editor in 0.62 ms, found 2 plugins.
Preloading 0 native plugins for Editor in 0.00 ms.
Warning: Annotation not found!
UnityEngine.StackTraceUtility:ExtractStackTrace () (at /Users/bokken/buildslave/unity/build/Runtime/Export/Scripting/StackTrace.cs:37)
UnityEditor.ProBuilder.EditorUtility:SetGizmoIconEnabled (System.Type,bool) (at Library/PackageCache/com.unity.probuilder@5.0.0-pre.7/Editor/EditorCore/EditorUtility.cs:569)
UnityEditor.ProBuilder.HierarchyListener:.cctor () (at Library/PackageCache/com.unity.probuilder@5.0.0-pre.7/Editor/EditorCore/HierarchyListener.cs:21)
System.Runtime.CompilerServices.RuntimeHelpers:RunClassConstructor (System.RuntimeTypeHandle)
UnityEditor.EditorAssemblies:ProcessInitializeOnLoadAttributes (System.Type[]) (at /Users/bokken/buildslave/unity/build/Editor/Mono/EditorAssemblies.cs:114)

[Library/PackageCache/com.unity.probuilder@5.0.0-pre.7/Editor/EditorCore/EditorUtility.cs line 569]

Mono: successfully reloaded assembly
- Completed reload, in  1.351 seconds
Platform modules already initialized, skipping
Refreshing native plugins compatible for Editor in 0.63 ms, found 2 plugins.
Preloading 0 native plugins for Editor in 0.00 ms.
Unloading 3160 Unused Serialized files (Serialized files now loaded: 0)
System memory in use before: 424.1 MB.
System memory in use after: 424.3 MB.

Unloading 15 unused Assets to reduce memory usage. Loaded Objects now: 3828.
Total: 3.279026 ms (FindLiveObjects: 0.325130 ms CreateObjectMapping: 0.137683 ms MarkObjects: 2.691325 ms  DeleteObjects: 0.119948 ms)

========================================================================
Received Prepare
Registering precompiled user dll's ...
Registered in 0.001422 seconds.
Begin MonoManager ReloadAssembly
Native extension for WindowsStandalone target not found
Native extension for OSXStandalone target not found
Native extension for WebGL target not found
Refreshing native plugins compatible for Editor in 0.58 ms, found 2 plugins.
Preloading 0 native plugins for Editor in 0.00 ms.
Warning: Annotation not found!
UnityEngine.StackTraceUtility:ExtractStackTrace () (at /Users/bokken/buildslave/unity/build/Runtime/Export/Scripting/StackTrace.cs:37)
UnityEditor.ProBuilder.EditorUtility:SetGizmoIconEnabled (System.Type,bool) (at Library/PackageCache/com.unity.probuilder@5.0.0-pre.7/Editor/EditorCore/EditorUtility.cs:569)
UnityEditor.ProBuilder.HierarchyListener:.cctor () (at Library/PackageCache/com.unity.probuilder@5.0.0-pre.7/Editor/EditorCore/HierarchyListener.cs:21)
System.Runtime.CompilerServices.RuntimeHelpers:RunClassConstructor (System.RuntimeTypeHandle)
UnityEditor.EditorAssemblies:ProcessInitializeOnLoadAttributes (System.Type[]) (at /Users/bokken/buildslave/unity/build/Editor/Mono/EditorAssemblies.cs:114)

[Library/PackageCache/com.unity.probuilder@5.0.0-pre.7/Editor/EditorCore/EditorUtility.cs line 569]

Mono: successfully reloaded assembly
- Completed reload, in  1.326 seconds
Platform modules already initialized, skipping
Refreshing native plugins compatible for Editor in 0.54 ms, found 2 plugins.
Preloading 0 native plugins for Editor in 0.00 ms.
Unloading 3160 Unused Serialized files (Serialized files now loaded: 0)
System memory in use before: 425.7 MB.
System memory in use after: 425.9 MB.

Unloading 15 unused Assets to reduce memory usage. Loaded Objects now: 3830.
Total: 3.862549 ms (FindLiveObjects: 0.330626 ms CreateObjectMapping: 0.176217 ms MarkObjects: 3.201719 ms  DeleteObjects: 0.151124 ms)

AssetImportWorkerClient::OnTransportError - code=2 error=End of file
