Using pre-set license

 COMMAND LINE ARGUMENTS:
/Applications/Unity/Hub/Editor/2021.1.0b1/Unity.app/Contents/MacOS/Unity
-adb2
-batchMode
-noUpm
-name
AssetImportWorker0
-projectPath
/Users/bug2000/Dev/UnityPlayground/UnityPlayground
-logFile
Logs/AssetImportWorker0.log
-srvPort
60110
Successfully changed project path to: /Users/bug2000/Dev/UnityPlayground/UnityPlayground
/Users/bug2000/Dev/UnityPlayground/UnityPlayground
Using Asset Import Pipeline V2.
Refreshing native plugins compatible for Editor in 96.84 ms, found 2 plugins.
Preloading 0 native plugins for Editor in 0.00 ms.
Initialize engine version: 2021.1.0b1 (9f7c487dd2da)
[Subsystems] Discovering subsystems at path /Applications/Unity/Hub/Editor/2021.1.0b1/Unity.app/Contents/Resources/UnitySubsystems
[Subsystems] Discovering subsystems at path /Users/bug2000/Dev/UnityPlayground/UnityPlayground/Assets
GfxDevice: creating device client; threaded=0; jobified=0
2021-02-16 18:24:37.074 Unity[14466:1663404] Color LCD preferred device: NVIDIA GeForce GT 750M (high power)
2021-02-16 18:24:37.074 Unity[14466:1663404] Metal devices available: 2
2021-02-16 18:24:37.074 Unity[14466:1663404] 0: NVIDIA GeForce GT 750M (high power)
2021-02-16 18:24:37.074 Unity[14466:1663404] 1: Intel Iris Pro Graphics (low power)
2021-02-16 18:24:37.074 Unity[14466:1663404] Using device NVIDIA GeForce GT 750M (high power)
Initializing Metal device caps: NVIDIA GeForce GT 750M
Initialize mono
Mono path[0] = '/Applications/Unity/Hub/Editor/2021.1.0b1/Unity.app/Contents/Managed'
Mono path[1] = '/Applications/Unity/Hub/Editor/2021.1.0b1/Unity.app/Contents/MonoBleedingEdge/lib/mono/unityjit'
Mono config path = '/Applications/Unity/Hub/Editor/2021.1.0b1/Unity.app/Contents/MonoBleedingEdge/etc'
Using monoOptions --debugger-agent=transport=dt_socket,embedding=1,server=y,suspend=n,address=127.0.0.1:56466
Begin MonoManager ReloadAssembly
Registering precompiled unity dll's ...
Register platform support module: /Applications/Unity/Hub/Editor/2021.1.0b1/PlaybackEngines/WebGLSupport/UnityEditor.WebGL.Extensions.dll
Register platform support module: /Applications/Unity/Hub/Editor/2021.1.0b1/Unity.app/Contents/PlaybackEngines/MacStandaloneSupport/UnityEditor.OSXStandalone.Extensions.dll
Register platform support module: /Applications/Unity/Hub/Editor/2021.1.0b1/PlaybackEngines/WindowsStandaloneSupport/UnityEditor.WindowsStandalone.Extensions.dll
Registered in 0.003048 seconds.
Native extension for WindowsStandalone target not found
Native extension for OSXStandalone target not found
Native extension for WebGL target not found
Refreshing native plugins compatible for Editor in 89.91 ms, found 2 plugins.
Preloading 0 native plugins for Editor in 0.00 ms.
Mono: successfully reloaded assembly
- Completed reload, in  4.353 seconds
Platform modules already initialized, skipping
Registering precompiled user dll's ...
Registered in 0.009764 seconds.
Begin MonoManager ReloadAssembly
Native extension for WindowsStandalone target not found
Native extension for OSXStandalone target not found
Native extension for WebGL target not found
Refreshing native plugins compatible for Editor in 94.97 ms, found 2 plugins.
Preloading 0 native plugins for Editor in 0.00 ms.
Refreshing native plugins compatible for Editor in 0.75 ms, found 2 plugins.
Mono: successfully reloaded assembly
- Completed reload, in  2.162 seconds
Platform modules already initialized, skipping
========================================================================
Worker process is ready to serve import requests
Launching external process: /Applications/Unity/Hub/Editor/2021.1.0b1/Unity.app/Contents/Tools/UnityShaderCompiler
Launched and connected shader compiler UnityShaderCompiler after 0.02 seconds
Refreshing native plugins compatible for Editor in 0.83 ms, found 2 plugins.
Preloading 0 native plugins for Editor in 0.00 ms.
Unloading 3636 Unused Serialized files (Serialized files now loaded: 0)
System memory in use before: 392.8 MB.
System memory in use after: 392.9 MB.

Unloading 137 unused Assets to reduce memory usage. Loaded Objects now: 4100.
Total: 3.865054 ms (FindLiveObjects: 0.390761 ms CreateObjectMapping: 0.185426 ms MarkObjects: 2.978562 ms  DeleteObjects: 0.309229 ms)

========================================================================
Received Import Request.
  path: Assets/InputController.inputactions
  artifactKey: Guid(1d0240a19eede473e84cb2a37ea5933b) Importer(815301076,1909f56bfc062723c751e8b465ee728b)
Start importing Assets/InputController.inputactions using Guid(1d0240a19eede473e84cb2a37ea5933b) Importer(815301076,1909f56bfc062723c751e8b465ee728b)  -> (artifact id: '337300b1c81426b6c6f92b07db684c90') in 1.070732 seconds 
