Using pre-set license

 COMMAND LINE ARGUMENTS:
/Applications/Unity/Hub/Editor/2021.1.0b1/Unity.app/Contents/MacOS/Unity
-adb2
-batchMode
-noUpm
-name
AssetImportWorker1
-projectPath
/Users/bug2000/Dev/UnityPlayground/UnityPlayground
-logFile
Logs/AssetImportWorker1.log
-srvPort
52255
Successfully changed project path to: /Users/bug2000/Dev/UnityPlayground/UnityPlayground
/Users/bug2000/Dev/UnityPlayground/UnityPlayground
Using Asset Import Pipeline V2.
Refreshing native plugins compatible for Editor in 84.21 ms, found 2 plugins.
Preloading 0 native plugins for Editor in 0.00 ms.
Initialize engine version: 2021.1.0b1 (9f7c487dd2da)
[Subsystems] Discovering subsystems at path /Applications/Unity/Hub/Editor/2021.1.0b1/Unity.app/Contents/Resources/UnitySubsystems
[Subsystems] Discovering subsystems at path /Users/bug2000/Dev/UnityPlayground/UnityPlayground/Assets
GfxDevice: creating device client; threaded=0; jobified=0
2021-02-08 20:36:49.494 Unity[12022:946546] Color LCD preferred device: NVIDIA GeForce GT 750M (high power)
2021-02-08 20:36:49.494 Unity[12022:946546] Metal devices available: 2
2021-02-08 20:36:49.494 Unity[12022:946546] 0: NVIDIA GeForce GT 750M (high power)
2021-02-08 20:36:49.495 Unity[12022:946546] 1: Intel Iris Pro Graphics (low power)
2021-02-08 20:36:49.495 Unity[12022:946546] Using device NVIDIA GeForce GT 750M (high power)
Initializing Metal device caps: NVIDIA GeForce GT 750M
Initialize mono
Mono path[0] = '/Applications/Unity/Hub/Editor/2021.1.0b1/Unity.app/Contents/Managed'
Mono path[1] = '/Applications/Unity/Hub/Editor/2021.1.0b1/Unity.app/Contents/MonoBleedingEdge/lib/mono/unityjit'
Mono config path = '/Applications/Unity/Hub/Editor/2021.1.0b1/Unity.app/Contents/MonoBleedingEdge/etc'
Using monoOptions --debugger-agent=transport=dt_socket,embedding=1,server=y,suspend=n,address=127.0.0.1:56022
Begin MonoManager ReloadAssembly
Registering precompiled unity dll's ...
Register platform support module: /Applications/Unity/Hub/Editor/2021.1.0b1/PlaybackEngines/WebGLSupport/UnityEditor.WebGL.Extensions.dll
Register platform support module: /Applications/Unity/Hub/Editor/2021.1.0b1/Unity.app/Contents/PlaybackEngines/MacStandaloneSupport/UnityEditor.OSXStandalone.Extensions.dll
Register platform support module: /Applications/Unity/Hub/Editor/2021.1.0b1/PlaybackEngines/WindowsStandaloneSupport/UnityEditor.WindowsStandalone.Extensions.dll
Registered in 0.000972 seconds.
Native extension for WindowsStandalone target not found
Native extension for OSXStandalone target not found
Native extension for WebGL target not found
Refreshing native plugins compatible for Editor in 75.37 ms, found 2 plugins.
Preloading 0 native plugins for Editor in 0.00 ms.
Mono: successfully reloaded assembly
- Completed reload, in  5.397 seconds
Platform modules already initialized, skipping
Registering precompiled user dll's ...
Registered in 0.004105 seconds.
Begin MonoManager ReloadAssembly
Native extension for WindowsStandalone target not found
Native extension for OSXStandalone target not found
Native extension for WebGL target not found
Refreshing native plugins compatible for Editor in 79.32 ms, found 2 plugins.
Preloading 0 native plugins for Editor in 0.00 ms.
Refreshing native plugins compatible for Editor in 0.72 ms, found 2 plugins.
Mono: successfully reloaded assembly
- Completed reload, in  1.888 seconds
Platform modules already initialized, skipping
========================================================================
Worker process is ready to serve import requests
Launching external process: /Applications/Unity/Hub/Editor/2021.1.0b1/Unity.app/Contents/Tools/UnityShaderCompiler
Launched and connected shader compiler UnityShaderCompiler after 0.06 seconds
Refreshing native plugins compatible for Editor in 0.82 ms, found 2 plugins.
Preloading 0 native plugins for Editor in 0.00 ms.
Unloading 3626 Unused Serialized files (Serialized files now loaded: 0)
System memory in use before: 388.7 MB.
System memory in use after: 388.9 MB.

Unloading 135 unused Assets to reduce memory usage. Loaded Objects now: 4091.
Total: 4.151338 ms (FindLiveObjects: 0.478255 ms CreateObjectMapping: 0.362833 ms MarkObjects: 3.053109 ms  DeleteObjects: 0.255994 ms)

========================================================================
Received Import Request.
  path: Assets/Proto5/Prefabs/Bomb.prefab
  artifactKey: Guid(924503602c1ed437cbcb03ad720479f3) Importer(815301076,1909f56bfc062723c751e8b465ee728b)
Start importing Assets/Proto5/Prefabs/Bomb.prefab using Guid(924503602c1ed437cbcb03ad720479f3) Importer(815301076,1909f56bfc062723c751e8b465ee728b)  -> (artifact id: '32bf863c74e540b62a41456790ead6aa') in 1.714211 seconds 
========================================================================
Received Prepare
Registering precompiled user dll's ...
Registered in 0.002884 seconds.
Begin MonoManager ReloadAssembly
Native extension for WindowsStandalone target not found
Native extension for OSXStandalone target not found
Native extension for WebGL target not found
Refreshing native plugins compatible for Editor in 0.82 ms, found 2 plugins.
Preloading 0 native plugins for Editor in 0.00 ms.
Refreshing native plugins compatible for Editor in 0.72 ms, found 2 plugins.
Warning: Annotation not found!
UnityEngine.StackTraceUtility:ExtractStackTrace () (at /Users/bokken/buildslave/unity/build/Runtime/Export/Scripting/StackTrace.cs:37)
UnityEditor.ProBuilder.EditorUtility:SetGizmoIconEnabled (System.Type,bool) (at Library/PackageCache/com.unity.probuilder@5.0.0-pre.7/Editor/EditorCore/EditorUtility.cs:569)
UnityEditor.ProBuilder.HierarchyListener:.cctor () (at Library/PackageCache/com.unity.probuilder@5.0.0-pre.7/Editor/EditorCore/HierarchyListener.cs:21)
System.Runtime.CompilerServices.RuntimeHelpers:RunClassConstructor (System.RuntimeTypeHandle)
UnityEditor.EditorAssemblies:ProcessInitializeOnLoadAttributes (System.Type[]) (at /Users/bokken/buildslave/unity/build/Editor/Mono/EditorAssemblies.cs:114)

[Library/PackageCache/com.unity.probuilder@5.0.0-pre.7/Editor/EditorCore/EditorUtility.cs line 569]

Mono: successfully reloaded assembly
- Completed reload, in  1.611 seconds
Platform modules already initialized, skipping
Refreshing native plugins compatible for Editor in 0.81 ms, found 2 plugins.
Preloading 0 native plugins for Editor in 0.00 ms.
Unloading 3530 Unused Serialized files (Serialized files now loaded: 0)
System memory in use before: 391.7 MB.
System memory in use after: 391.9 MB.

Unloading 22 unused Assets to reduce memory usage. Loaded Objects now: 4101.
Total: 3.755454 ms (FindLiveObjects: 0.444625 ms CreateObjectMapping: 0.159648 ms MarkObjects: 2.992205 ms  DeleteObjects: 0.157865 ms)

========================================================================
Received Prepare
Registering precompiled user dll's ...
Registered in 0.003546 seconds.
Begin MonoManager ReloadAssembly
Native extension for WindowsStandalone target not found
Native extension for OSXStandalone target not found
Native extension for WebGL target not found
Refreshing native plugins compatible for Editor in 0.69 ms, found 2 plugins.
Preloading 0 native plugins for Editor in 0.00 ms.
Refreshing native plugins compatible for Editor in 0.70 ms, found 2 plugins.
Warning: Annotation not found!
UnityEngine.StackTraceUtility:ExtractStackTrace () (at /Users/bokken/buildslave/unity/build/Runtime/Export/Scripting/StackTrace.cs:37)
UnityEditor.ProBuilder.EditorUtility:SetGizmoIconEnabled (System.Type,bool) (at Library/PackageCache/com.unity.probuilder@5.0.0-pre.7/Editor/EditorCore/EditorUtility.cs:569)
UnityEditor.ProBuilder.HierarchyListener:.cctor () (at Library/PackageCache/com.unity.probuilder@5.0.0-pre.7/Editor/EditorCore/HierarchyListener.cs:21)
System.Runtime.CompilerServices.RuntimeHelpers:RunClassConstructor (System.RuntimeTypeHandle)
UnityEditor.EditorAssemblies:ProcessInitializeOnLoadAttributes (System.Type[]) (at /Users/bokken/buildslave/unity/build/Editor/Mono/EditorAssemblies.cs:114)

[Library/PackageCache/com.unity.probuilder@5.0.0-pre.7/Editor/EditorCore/EditorUtility.cs line 569]

Mono: successfully reloaded assembly
- Completed reload, in  1.554 seconds
Platform modules already initialized, skipping
Refreshing native plugins compatible for Editor in 0.74 ms, found 2 plugins.
Preloading 0 native plugins for Editor in 0.00 ms.
Unloading 3530 Unused Serialized files (Serialized files now loaded: 0)
System memory in use before: 392.2 MB.
System memory in use after: 392.4 MB.

Unloading 22 unused Assets to reduce memory usage. Loaded Objects now: 4103.
Total: 3.799117 ms (FindLiveObjects: 0.326764 ms CreateObjectMapping: 0.153950 ms MarkObjects: 3.148460 ms  DeleteObjects: 0.168711 ms)

========================================================================
Received Prepare
Registering precompiled user dll's ...
Registered in 0.003044 seconds.
Begin MonoManager ReloadAssembly
Native extension for WindowsStandalone target not found
Native extension for OSXStandalone target not found
Native extension for WebGL target not found
Refreshing native plugins compatible for Editor in 0.73 ms, found 2 plugins.
Preloading 0 native plugins for Editor in 0.00 ms.
Refreshing native plugins compatible for Editor in 0.75 ms, found 2 plugins.
Warning: Annotation not found!
UnityEngine.StackTraceUtility:ExtractStackTrace () (at /Users/bokken/buildslave/unity/build/Runtime/Export/Scripting/StackTrace.cs:37)
UnityEditor.ProBuilder.EditorUtility:SetGizmoIconEnabled (System.Type,bool) (at Library/PackageCache/com.unity.probuilder@5.0.0-pre.7/Editor/EditorCore/EditorUtility.cs:569)
UnityEditor.ProBuilder.HierarchyListener:.cctor () (at Library/PackageCache/com.unity.probuilder@5.0.0-pre.7/Editor/EditorCore/HierarchyListener.cs:21)
System.Runtime.CompilerServices.RuntimeHelpers:RunClassConstructor (System.RuntimeTypeHandle)
UnityEditor.EditorAssemblies:ProcessInitializeOnLoadAttributes (System.Type[]) (at /Users/bokken/buildslave/unity/build/Editor/Mono/EditorAssemblies.cs:114)

[Library/PackageCache/com.unity.probuilder@5.0.0-pre.7/Editor/EditorCore/EditorUtility.cs line 569]

Mono: successfully reloaded assembly
- Completed reload, in  1.644 seconds
Platform modules already initialized, skipping
Refreshing native plugins compatible for Editor in 0.74 ms, found 2 plugins.
Preloading 0 native plugins for Editor in 0.00 ms.
Unloading 3530 Unused Serialized files (Serialized files now loaded: 0)
System memory in use before: 392.8 MB.
System memory in use after: 393.0 MB.

Unloading 22 unused Assets to reduce memory usage. Loaded Objects now: 4105.
Total: 4.556751 ms (FindLiveObjects: 0.465342 ms CreateObjectMapping: 0.389217 ms MarkObjects: 3.509024 ms  DeleteObjects: 0.191759 ms)

========================================================================
Received Prepare
Registering precompiled user dll's ...
Registered in 0.003697 seconds.
Begin MonoManager ReloadAssembly
Native extension for WindowsStandalone target not found
Native extension for OSXStandalone target not found
Native extension for WebGL target not found
Refreshing native plugins compatible for Editor in 0.73 ms, found 2 plugins.
Preloading 0 native plugins for Editor in 0.00 ms.
Refreshing native plugins compatible for Editor in 0.74 ms, found 2 plugins.
Warning: Annotation not found!
UnityEngine.StackTraceUtility:ExtractStackTrace () (at /Users/bokken/buildslave/unity/build/Runtime/Export/Scripting/StackTrace.cs:37)
UnityEditor.ProBuilder.EditorUtility:SetGizmoIconEnabled (System.Type,bool) (at Library/PackageCache/com.unity.probuilder@5.0.0-pre.7/Editor/EditorCore/EditorUtility.cs:569)
UnityEditor.ProBuilder.HierarchyListener:.cctor () (at Library/PackageCache/com.unity.probuilder@5.0.0-pre.7/Editor/EditorCore/HierarchyListener.cs:21)
System.Runtime.CompilerServices.RuntimeHelpers:RunClassConstructor (System.RuntimeTypeHandle)
UnityEditor.EditorAssemblies:ProcessInitializeOnLoadAttributes (System.Type[]) (at /Users/bokken/buildslave/unity/build/Editor/Mono/EditorAssemblies.cs:114)

[Library/PackageCache/com.unity.probuilder@5.0.0-pre.7/Editor/EditorCore/EditorUtility.cs line 569]

Mono: successfully reloaded assembly
- Completed reload, in  1.622 seconds
Platform modules already initialized, skipping
Refreshing native plugins compatible for Editor in 0.70 ms, found 2 plugins.
Preloading 0 native plugins for Editor in 0.00 ms.
Unloading 3530 Unused Serialized files (Serialized files now loaded: 0)
System memory in use before: 393.5 MB.
System memory in use after: 393.6 MB.

Unloading 22 unused Assets to reduce memory usage. Loaded Objects now: 4107.
Total: 6.443193 ms (FindLiveObjects: 0.750491 ms CreateObjectMapping: 0.350203 ms MarkObjects: 5.134767 ms  DeleteObjects: 0.205596 ms)

========================================================================
Received Prepare
Registering precompiled user dll's ...
Registered in 0.002990 seconds.
Begin MonoManager ReloadAssembly
Native extension for WindowsStandalone target not found
Native extension for OSXStandalone target not found
Native extension for WebGL target not found
Refreshing native plugins compatible for Editor in 0.74 ms, found 2 plugins.
Preloading 0 native plugins for Editor in 0.00 ms.
Refreshing native plugins compatible for Editor in 0.81 ms, found 2 plugins.
Warning: Annotation not found!
UnityEngine.StackTraceUtility:ExtractStackTrace () (at /Users/bokken/buildslave/unity/build/Runtime/Export/Scripting/StackTrace.cs:37)
UnityEditor.ProBuilder.EditorUtility:SetGizmoIconEnabled (System.Type,bool) (at Library/PackageCache/com.unity.probuilder@5.0.0-pre.7/Editor/EditorCore/EditorUtility.cs:569)
UnityEditor.ProBuilder.HierarchyListener:.cctor () (at Library/PackageCache/com.unity.probuilder@5.0.0-pre.7/Editor/EditorCore/HierarchyListener.cs:21)
System.Runtime.CompilerServices.RuntimeHelpers:RunClassConstructor (System.RuntimeTypeHandle)
UnityEditor.EditorAssemblies:ProcessInitializeOnLoadAttributes (System.Type[]) (at /Users/bokken/buildslave/unity/build/Editor/Mono/EditorAssemblies.cs:114)

[Library/PackageCache/com.unity.probuilder@5.0.0-pre.7/Editor/EditorCore/EditorUtility.cs line 569]

Mono: successfully reloaded assembly
- Completed reload, in  1.791 seconds
Platform modules already initialized, skipping
Refreshing native plugins compatible for Editor in 0.88 ms, found 2 plugins.
Preloading 0 native plugins for Editor in 0.00 ms.
Unloading 3530 Unused Serialized files (Serialized files now loaded: 0)
System memory in use before: 394.1 MB.
System memory in use after: 394.3 MB.

Unloading 22 unused Assets to reduce memory usage. Loaded Objects now: 4109.
Total: 4.754117 ms (FindLiveObjects: 0.464727 ms CreateObjectMapping: 0.295860 ms MarkObjects: 3.817557 ms  DeleteObjects: 0.173407 ms)

========================================================================
Received Prepare
Registering precompiled user dll's ...
Registered in 0.003351 seconds.
Begin MonoManager ReloadAssembly
Native extension for WindowsStandalone target not found
Native extension for OSXStandalone target not found
Native extension for WebGL target not found
Refreshing native plugins compatible for Editor in 0.71 ms, found 2 plugins.
Preloading 0 native plugins for Editor in 0.00 ms.
Refreshing native plugins compatible for Editor in 0.75 ms, found 2 plugins.
Warning: Annotation not found!
UnityEngine.StackTraceUtility:ExtractStackTrace () (at /Users/bokken/buildslave/unity/build/Runtime/Export/Scripting/StackTrace.cs:37)
UnityEditor.ProBuilder.EditorUtility:SetGizmoIconEnabled (System.Type,bool) (at Library/PackageCache/com.unity.probuilder@5.0.0-pre.7/Editor/EditorCore/EditorUtility.cs:569)
UnityEditor.ProBuilder.HierarchyListener:.cctor () (at Library/PackageCache/com.unity.probuilder@5.0.0-pre.7/Editor/EditorCore/HierarchyListener.cs:21)
System.Runtime.CompilerServices.RuntimeHelpers:RunClassConstructor (System.RuntimeTypeHandle)
UnityEditor.EditorAssemblies:ProcessInitializeOnLoadAttributes (System.Type[]) (at /Users/bokken/buildslave/unity/build/Editor/Mono/EditorAssemblies.cs:114)

[Library/PackageCache/com.unity.probuilder@5.0.0-pre.7/Editor/EditorCore/EditorUtility.cs line 569]

Mono: successfully reloaded assembly
- Completed reload, in  1.694 seconds
Platform modules already initialized, skipping
Refreshing native plugins compatible for Editor in 1.02 ms, found 2 plugins.
Preloading 0 native plugins for Editor in 0.00 ms.
Unloading 3530 Unused Serialized files (Serialized files now loaded: 0)
System memory in use before: 394.7 MB.
System memory in use after: 394.9 MB.

Unloading 22 unused Assets to reduce memory usage. Loaded Objects now: 4111.
Total: 5.050913 ms (FindLiveObjects: 0.624543 ms CreateObjectMapping: 0.481383 ms MarkObjects: 3.749361 ms  DeleteObjects: 0.193717 ms)

========================================================================
Received Prepare
Registering precompiled user dll's ...
Registered in 0.004018 seconds.
Begin MonoManager ReloadAssembly
Native extension for WindowsStandalone target not found
Native extension for OSXStandalone target not found
Native extension for WebGL target not found
Refreshing native plugins compatible for Editor in 0.69 ms, found 2 plugins.
Preloading 0 native plugins for Editor in 0.00 ms.
Refreshing native plugins compatible for Editor in 0.70 ms, found 2 plugins.
Warning: Annotation not found!
UnityEngine.StackTraceUtility:ExtractStackTrace () (at /Users/bokken/buildslave/unity/build/Runtime/Export/Scripting/StackTrace.cs:37)
UnityEditor.ProBuilder.EditorUtility:SetGizmoIconEnabled (System.Type,bool) (at Library/PackageCache/com.unity.probuilder@5.0.0-pre.7/Editor/EditorCore/EditorUtility.cs:569)
UnityEditor.ProBuilder.HierarchyListener:.cctor () (at Library/PackageCache/com.unity.probuilder@5.0.0-pre.7/Editor/EditorCore/HierarchyListener.cs:21)
System.Runtime.CompilerServices.RuntimeHelpers:RunClassConstructor (System.RuntimeTypeHandle)
UnityEditor.EditorAssemblies:ProcessInitializeOnLoadAttributes (System.Type[]) (at /Users/bokken/buildslave/unity/build/Editor/Mono/EditorAssemblies.cs:114)

[Library/PackageCache/com.unity.probuilder@5.0.0-pre.7/Editor/EditorCore/EditorUtility.cs line 569]

Mono: successfully reloaded assembly
- Completed reload, in  1.515 seconds
Platform modules already initialized, skipping
Refreshing native plugins compatible for Editor in 0.67 ms, found 2 plugins.
Preloading 0 native plugins for Editor in 0.00 ms.
Unloading 3530 Unused Serialized files (Serialized files now loaded: 0)
System memory in use before: 395.3 MB.
System memory in use after: 395.5 MB.

Unloading 22 unused Assets to reduce memory usage. Loaded Objects now: 4113.
Total: 3.707740 ms (FindLiveObjects: 0.322943 ms CreateObjectMapping: 0.143100 ms MarkObjects: 3.053872 ms  DeleteObjects: 0.186781 ms)

========================================================================
Received Prepare
Registering precompiled user dll's ...
Registered in 0.003220 seconds.
Begin MonoManager ReloadAssembly
Native extension for WindowsStandalone target not found
Native extension for OSXStandalone target not found
Native extension for WebGL target not found
Refreshing native plugins compatible for Editor in 0.72 ms, found 2 plugins.
Preloading 0 native plugins for Editor in 0.00 ms.
Refreshing native plugins compatible for Editor in 0.72 ms, found 2 plugins.
Warning: Annotation not found!
UnityEngine.StackTraceUtility:ExtractStackTrace () (at /Users/bokken/buildslave/unity/build/Runtime/Export/Scripting/StackTrace.cs:37)
UnityEditor.ProBuilder.EditorUtility:SetGizmoIconEnabled (System.Type,bool) (at Library/PackageCache/com.unity.probuilder@5.0.0-pre.7/Editor/EditorCore/EditorUtility.cs:569)
UnityEditor.ProBuilder.HierarchyListener:.cctor () (at Library/PackageCache/com.unity.probuilder@5.0.0-pre.7/Editor/EditorCore/HierarchyListener.cs:21)
System.Runtime.CompilerServices.RuntimeHelpers:RunClassConstructor (System.RuntimeTypeHandle)
UnityEditor.EditorAssemblies:ProcessInitializeOnLoadAttributes (System.Type[]) (at /Users/bokken/buildslave/unity/build/Editor/Mono/EditorAssemblies.cs:114)

[Library/PackageCache/com.unity.probuilder@5.0.0-pre.7/Editor/EditorCore/EditorUtility.cs line 569]

Mono: successfully reloaded assembly
- Completed reload, in  1.785 seconds
Platform modules already initialized, skipping
Refreshing native plugins compatible for Editor in 0.94 ms, found 2 plugins.
Preloading 0 native plugins for Editor in 0.00 ms.
Unloading 3530 Unused Serialized files (Serialized files now loaded: 0)
System memory in use before: 395.9 MB.
System memory in use after: 396.1 MB.

Unloading 22 unused Assets to reduce memory usage. Loaded Objects now: 4115.
Total: 6.200348 ms (FindLiveObjects: 0.653900 ms CreateObjectMapping: 0.309828 ms MarkObjects: 5.004107 ms  DeleteObjects: 0.229707 ms)

========================================================================
Received Prepare
Registering precompiled user dll's ...
Registered in 0.003056 seconds.
Begin MonoManager ReloadAssembly
Native extension for WindowsStandalone target not found
Native extension for OSXStandalone target not found
Native extension for WebGL target not found
Refreshing native plugins compatible for Editor in 0.71 ms, found 2 plugins.
Preloading 0 native plugins for Editor in 0.00 ms.
Refreshing native plugins compatible for Editor in 0.69 ms, found 2 plugins.
Warning: Annotation not found!
UnityEngine.StackTraceUtility:ExtractStackTrace () (at /Users/bokken/buildslave/unity/build/Runtime/Export/Scripting/StackTrace.cs:37)
UnityEditor.ProBuilder.EditorUtility:SetGizmoIconEnabled (System.Type,bool) (at Library/PackageCache/com.unity.probuilder@5.0.0-pre.7/Editor/EditorCore/EditorUtility.cs:569)
UnityEditor.ProBuilder.HierarchyListener:.cctor () (at Library/PackageCache/com.unity.probuilder@5.0.0-pre.7/Editor/EditorCore/HierarchyListener.cs:21)
System.Runtime.CompilerServices.RuntimeHelpers:RunClassConstructor (System.RuntimeTypeHandle)
UnityEditor.EditorAssemblies:ProcessInitializeOnLoadAttributes (System.Type[]) (at /Users/bokken/buildslave/unity/build/Editor/Mono/EditorAssemblies.cs:114)

[Library/PackageCache/com.unity.probuilder@5.0.0-pre.7/Editor/EditorCore/EditorUtility.cs line 569]

Mono: successfully reloaded assembly
- Completed reload, in  1.608 seconds
Platform modules already initialized, skipping
Refreshing native plugins compatible for Editor in 0.89 ms, found 2 plugins.
Preloading 0 native plugins for Editor in 0.00 ms.
Unloading 3530 Unused Serialized files (Serialized files now loaded: 0)
System memory in use before: 396.5 MB.
System memory in use after: 396.7 MB.

Unloading 22 unused Assets to reduce memory usage. Loaded Objects now: 4117.
Total: 3.855243 ms (FindLiveObjects: 0.360076 ms CreateObjectMapping: 0.157586 ms MarkObjects: 3.152188 ms  DeleteObjects: 0.183978 ms)

========================================================================
Received Prepare
Registering precompiled user dll's ...
Registered in 0.003479 seconds.
Begin MonoManager ReloadAssembly
Native extension for WindowsStandalone target not found
Native extension for OSXStandalone target not found
Native extension for WebGL target not found
Refreshing native plugins compatible for Editor in 0.77 ms, found 2 plugins.
Preloading 0 native plugins for Editor in 0.00 ms.
Refreshing native plugins compatible for Editor in 0.74 ms, found 2 plugins.
Warning: Annotation not found!
UnityEngine.StackTraceUtility:ExtractStackTrace () (at /Users/bokken/buildslave/unity/build/Runtime/Export/Scripting/StackTrace.cs:37)
UnityEditor.ProBuilder.EditorUtility:SetGizmoIconEnabled (System.Type,bool) (at Library/PackageCache/com.unity.probuilder@5.0.0-pre.7/Editor/EditorCore/EditorUtility.cs:569)
UnityEditor.ProBuilder.HierarchyListener:.cctor () (at Library/PackageCache/com.unity.probuilder@5.0.0-pre.7/Editor/EditorCore/HierarchyListener.cs:21)
System.Runtime.CompilerServices.RuntimeHelpers:RunClassConstructor (System.RuntimeTypeHandle)
UnityEditor.EditorAssemblies:ProcessInitializeOnLoadAttributes (System.Type[]) (at /Users/bokken/buildslave/unity/build/Editor/Mono/EditorAssemblies.cs:114)

[Library/PackageCache/com.unity.probuilder@5.0.0-pre.7/Editor/EditorCore/EditorUtility.cs line 569]

Mono: successfully reloaded assembly
- Completed reload, in  1.780 seconds
Platform modules already initialized, skipping
Refreshing native plugins compatible for Editor in 0.69 ms, found 2 plugins.
Preloading 0 native plugins for Editor in 0.00 ms.
Unloading 3530 Unused Serialized files (Serialized files now loaded: 0)
System memory in use before: 397.1 MB.
System memory in use after: 397.3 MB.

Unloading 22 unused Assets to reduce memory usage. Loaded Objects now: 4119.
Total: 3.772528 ms (FindLiveObjects: 0.346582 ms CreateObjectMapping: 0.158776 ms MarkObjects: 3.086222 ms  DeleteObjects: 0.179788 ms)

========================================================================
Received Prepare
Registering precompiled user dll's ...
Registered in 0.002960 seconds.
Begin MonoManager ReloadAssembly
Native extension for WindowsStandalone target not found
Native extension for OSXStandalone target not found
Native extension for WebGL target not found
Refreshing native plugins compatible for Editor in 0.77 ms, found 2 plugins.
Preloading 0 native plugins for Editor in 0.00 ms.
Refreshing native plugins compatible for Editor in 0.74 ms, found 2 plugins.
Warning: Annotation not found!
UnityEngine.StackTraceUtility:ExtractStackTrace () (at /Users/bokken/buildslave/unity/build/Runtime/Export/Scripting/StackTrace.cs:37)
UnityEditor.ProBuilder.EditorUtility:SetGizmoIconEnabled (System.Type,bool) (at Library/PackageCache/com.unity.probuilder@5.0.0-pre.7/Editor/EditorCore/EditorUtility.cs:569)
UnityEditor.ProBuilder.HierarchyListener:.cctor () (at Library/PackageCache/com.unity.probuilder@5.0.0-pre.7/Editor/EditorCore/HierarchyListener.cs:21)
System.Runtime.CompilerServices.RuntimeHelpers:RunClassConstructor (System.RuntimeTypeHandle)
UnityEditor.EditorAssemblies:ProcessInitializeOnLoadAttributes (System.Type[]) (at /Users/bokken/buildslave/unity/build/Editor/Mono/EditorAssemblies.cs:114)

[Library/PackageCache/com.unity.probuilder@5.0.0-pre.7/Editor/EditorCore/EditorUtility.cs line 569]

Mono: successfully reloaded assembly
- Completed reload, in  1.583 seconds
Platform modules already initialized, skipping
Refreshing native plugins compatible for Editor in 0.69 ms, found 2 plugins.
Preloading 0 native plugins for Editor in 0.00 ms.
Unloading 3530 Unused Serialized files (Serialized files now loaded: 0)
System memory in use before: 397.7 MB.
System memory in use after: 397.9 MB.

Unloading 22 unused Assets to reduce memory usage. Loaded Objects now: 4121.
Total: 4.135641 ms (FindLiveObjects: 0.460653 ms CreateObjectMapping: 0.171403 ms MarkObjects: 3.331470 ms  DeleteObjects: 0.170944 ms)

========================================================================
Received Prepare
Registering precompiled user dll's ...
Registered in 0.004357 seconds.
Begin MonoManager ReloadAssembly
Native extension for WindowsStandalone target not found
Native extension for OSXStandalone target not found
Native extension for WebGL target not found
Refreshing native plugins compatible for Editor in 0.99 ms, found 2 plugins.
Preloading 0 native plugins for Editor in 0.00 ms.
Refreshing native plugins compatible for Editor in 0.95 ms, found 2 plugins.
Warning: Annotation not found!
UnityEngine.StackTraceUtility:ExtractStackTrace () (at /Users/bokken/buildslave/unity/build/Runtime/Export/Scripting/StackTrace.cs:37)
UnityEditor.ProBuilder.EditorUtility:SetGizmoIconEnabled (System.Type,bool) (at Library/PackageCache/com.unity.probuilder@5.0.0-pre.7/Editor/EditorCore/EditorUtility.cs:569)
UnityEditor.ProBuilder.HierarchyListener:.cctor () (at Library/PackageCache/com.unity.probuilder@5.0.0-pre.7/Editor/EditorCore/HierarchyListener.cs:21)
System.Runtime.CompilerServices.RuntimeHelpers:RunClassConstructor (System.RuntimeTypeHandle)
UnityEditor.EditorAssemblies:ProcessInitializeOnLoadAttributes (System.Type[]) (at /Users/bokken/buildslave/unity/build/Editor/Mono/EditorAssemblies.cs:114)

[Library/PackageCache/com.unity.probuilder@5.0.0-pre.7/Editor/EditorCore/EditorUtility.cs line 569]

Mono: successfully reloaded assembly
- Completed reload, in  1.650 seconds
Platform modules already initialized, skipping
Refreshing native plugins compatible for Editor in 0.71 ms, found 2 plugins.
Preloading 0 native plugins for Editor in 0.00 ms.
Unloading 3530 Unused Serialized files (Serialized files now loaded: 0)
System memory in use before: 398.3 MB.
System memory in use after: 398.5 MB.

Unloading 22 unused Assets to reduce memory usage. Loaded Objects now: 4123.
Total: 5.913994 ms (FindLiveObjects: 0.508799 ms CreateObjectMapping: 0.353208 ms MarkObjects: 4.827750 ms  DeleteObjects: 0.222203 ms)

========================================================================
Received Prepare
Registering precompiled user dll's ...
Registered in 0.006084 seconds.
Begin MonoManager ReloadAssembly
Native extension for WindowsStandalone target not found
Native extension for OSXStandalone target not found
Native extension for WebGL target not found
Refreshing native plugins compatible for Editor in 0.75 ms, found 2 plugins.
Preloading 0 native plugins for Editor in 0.00 ms.
Refreshing native plugins compatible for Editor in 1.10 ms, found 2 plugins.
Warning: Annotation not found!
UnityEngine.StackTraceUtility:ExtractStackTrace () (at /Users/bokken/buildslave/unity/build/Runtime/Export/Scripting/StackTrace.cs:37)
UnityEditor.ProBuilder.EditorUtility:SetGizmoIconEnabled (System.Type,bool) (at Library/PackageCache/com.unity.probuilder@5.0.0-pre.7/Editor/EditorCore/EditorUtility.cs:569)
UnityEditor.ProBuilder.HierarchyListener:.cctor () (at Library/PackageCache/com.unity.probuilder@5.0.0-pre.7/Editor/EditorCore/HierarchyListener.cs:21)
System.Runtime.CompilerServices.RuntimeHelpers:RunClassConstructor (System.RuntimeTypeHandle)
UnityEditor.EditorAssemblies:ProcessInitializeOnLoadAttributes (System.Type[]) (at /Users/bokken/buildslave/unity/build/Editor/Mono/EditorAssemblies.cs:114)

[Library/PackageCache/com.unity.probuilder@5.0.0-pre.7/Editor/EditorCore/EditorUtility.cs line 569]

Mono: successfully reloaded assembly
- Completed reload, in  1.691 seconds
Platform modules already initialized, skipping
Refreshing native plugins compatible for Editor in 0.90 ms, found 2 plugins.
Preloading 0 native plugins for Editor in 0.00 ms.
Unloading 3530 Unused Serialized files (Serialized files now loaded: 0)
System memory in use before: 398.9 MB.
System memory in use after: 399.1 MB.

Unloading 22 unused Assets to reduce memory usage. Loaded Objects now: 4125.
Total: 5.137084 ms (FindLiveObjects: 0.533688 ms CreateObjectMapping: 0.207433 ms MarkObjects: 4.129879 ms  DeleteObjects: 0.264262 ms)

========================================================================
Received Prepare
Registering precompiled user dll's ...
Registered in 0.003771 seconds.
Begin MonoManager ReloadAssembly
Native extension for WindowsStandalone target not found
Native extension for OSXStandalone target not found
Native extension for WebGL target not found
Refreshing native plugins compatible for Editor in 0.84 ms, found 2 plugins.
Preloading 0 native plugins for Editor in 0.00 ms.
Refreshing native plugins compatible for Editor in 1.06 ms, found 2 plugins.
Warning: Annotation not found!
UnityEngine.StackTraceUtility:ExtractStackTrace () (at /Users/bokken/buildslave/unity/build/Runtime/Export/Scripting/StackTrace.cs:37)
UnityEditor.ProBuilder.EditorUtility:SetGizmoIconEnabled (System.Type,bool) (at Library/PackageCache/com.unity.probuilder@5.0.0-pre.7/Editor/EditorCore/EditorUtility.cs:569)
UnityEditor.ProBuilder.HierarchyListener:.cctor () (at Library/PackageCache/com.unity.probuilder@5.0.0-pre.7/Editor/EditorCore/HierarchyListener.cs:21)
System.Runtime.CompilerServices.RuntimeHelpers:RunClassConstructor (System.RuntimeTypeHandle)
UnityEditor.EditorAssemblies:ProcessInitializeOnLoadAttributes (System.Type[]) (at /Users/bokken/buildslave/unity/build/Editor/Mono/EditorAssemblies.cs:114)

[Library/PackageCache/com.unity.probuilder@5.0.0-pre.7/Editor/EditorCore/EditorUtility.cs line 569]

Mono: successfully reloaded assembly
- Completed reload, in  1.818 seconds
Platform modules already initialized, skipping
Refreshing native plugins compatible for Editor in 0.82 ms, found 2 plugins.
Preloading 0 native plugins for Editor in 0.00 ms.
Unloading 3530 Unused Serialized files (Serialized files now loaded: 0)
System memory in use before: 399.5 MB.
System memory in use after: 399.7 MB.

Unloading 22 unused Assets to reduce memory usage. Loaded Objects now: 4127.
Total: 4.872146 ms (FindLiveObjects: 0.408822 ms CreateObjectMapping: 0.203147 ms MarkObjects: 4.038417 ms  DeleteObjects: 0.220402 ms)

========================================================================
Received Import Request.
  Time since last request: 3122.827833 seconds.
  path: Assets/Proto5/Scripts/NewBehaviourScript.cs
  artifactKey: Guid(06ba18e4712df47b3b502021ce92a92d) Importer(815301076,1909f56bfc062723c751e8b465ee728b)
Start importing Assets/Proto5/Scripts/NewBehaviourScript.cs using Guid(06ba18e4712df47b3b502021ce92a92d) Importer(815301076,1909f56bfc062723c751e8b465ee728b)  -> (artifact id: 'eebacb61014e75305b0843417b07fe46') in 0.356935 seconds 
========================================================================
Received Prepare
Registering precompiled user dll's ...
Registered in 0.004475 seconds.
Begin MonoManager ReloadAssembly
Native extension for WindowsStandalone target not found
Native extension for OSXStandalone target not found
Native extension for WebGL target not found
Refreshing native plugins compatible for Editor in 0.79 ms, found 2 plugins.
Preloading 0 native plugins for Editor in 0.00 ms.
Refreshing native plugins compatible for Editor in 0.80 ms, found 2 plugins.
Warning: Annotation not found!
UnityEngine.StackTraceUtility:ExtractStackTrace () (at /Users/bokken/buildslave/unity/build/Runtime/Export/Scripting/StackTrace.cs:37)
UnityEditor.ProBuilder.EditorUtility:SetGizmoIconEnabled (System.Type,bool) (at Library/PackageCache/com.unity.probuilder@5.0.0-pre.7/Editor/EditorCore/EditorUtility.cs:569)
UnityEditor.ProBuilder.HierarchyListener:.cctor () (at Library/PackageCache/com.unity.probuilder@5.0.0-pre.7/Editor/EditorCore/HierarchyListener.cs:21)
System.Runtime.CompilerServices.RuntimeHelpers:RunClassConstructor (System.RuntimeTypeHandle)
UnityEditor.EditorAssemblies:ProcessInitializeOnLoadAttributes (System.Type[]) (at /Users/bokken/buildslave/unity/build/Editor/Mono/EditorAssemblies.cs:114)

[Library/PackageCache/com.unity.probuilder@5.0.0-pre.7/Editor/EditorCore/EditorUtility.cs line 569]

Mono: successfully reloaded assembly
- Completed reload, in  1.611 seconds
Platform modules already initialized, skipping
Script is not up to date after domain reload: guid(c891c67f10586446697b3f0f191cdbee) path("Assets/Proto5/Scripts/NewBehaviourScript1.cs") state(2)
Refreshing native plugins compatible for Editor in 0.72 ms, found 2 plugins.
Preloading 0 native plugins for Editor in 0.00 ms.
Unloading 3531 Unused Serialized files (Serialized files now loaded: 0)
System memory in use before: 404.4 MB.
System memory in use after: 404.6 MB.

Unloading 22 unused Assets to reduce memory usage. Loaded Objects now: 4130.
Total: 4.076343 ms (FindLiveObjects: 0.381081 ms CreateObjectMapping: 0.244086 ms MarkObjects: 3.270754 ms  DeleteObjects: 0.179332 ms)

========================================================================
Received Import Request.
  Time since last request: 11.873831 seconds.
  path: Assets/Proto5/Scripts/NewBehaviourScript1.cs
  artifactKey: Guid(c891c67f10586446697b3f0f191cdbee) Importer(815301076,1909f56bfc062723c751e8b465ee728b)
Start importing Assets/Proto5/Scripts/NewBehaviourScript1.cs using Guid(c891c67f10586446697b3f0f191cdbee) Importer(815301076,1909f56bfc062723c751e8b465ee728b)  -> (artifact id: '7d78c044a8af66d405fd830bfa696a21') in 0.010287 seconds 
========================================================================
Received Prepare
Registering precompiled user dll's ...
Registered in 0.003364 seconds.
Begin MonoManager ReloadAssembly
Native extension for WindowsStandalone target not found
Native extension for OSXStandalone target not found
Native extension for WebGL target not found
Refreshing native plugins compatible for Editor in 0.71 ms, found 2 plugins.
Preloading 0 native plugins for Editor in 0.00 ms.
Refreshing native plugins compatible for Editor in 0.71 ms, found 2 plugins.
Warning: Annotation not found!
UnityEngine.StackTraceUtility:ExtractStackTrace () (at /Users/bokken/buildslave/unity/build/Runtime/Export/Scripting/StackTrace.cs:37)
UnityEditor.ProBuilder.EditorUtility:SetGizmoIconEnabled (System.Type,bool) (at Library/PackageCache/com.unity.probuilder@5.0.0-pre.7/Editor/EditorCore/EditorUtility.cs:569)
UnityEditor.ProBuilder.HierarchyListener:.cctor () (at Library/PackageCache/com.unity.probuilder@5.0.0-pre.7/Editor/EditorCore/HierarchyListener.cs:21)
System.Runtime.CompilerServices.RuntimeHelpers:RunClassConstructor (System.RuntimeTypeHandle)
UnityEditor.EditorAssemblies:ProcessInitializeOnLoadAttributes (System.Type[]) (at /Users/bokken/buildslave/unity/build/Editor/Mono/EditorAssemblies.cs:114)

[Library/PackageCache/com.unity.probuilder@5.0.0-pre.7/Editor/EditorCore/EditorUtility.cs line 569]

Mono: successfully reloaded assembly
- Completed reload, in  1.627 seconds
Platform modules already initialized, skipping
Refreshing native plugins compatible for Editor in 0.72 ms, found 2 plugins.
Preloading 0 native plugins for Editor in 0.00 ms.
Unloading 3531 Unused Serialized files (Serialized files now loaded: 0)
System memory in use before: 405.0 MB.
System memory in use after: 405.2 MB.

Unloading 22 unused Assets to reduce memory usage. Loaded Objects now: 4132.
Total: 5.882898 ms (FindLiveObjects: 0.505987 ms CreateObjectMapping: 0.625519 ms MarkObjects: 4.426114 ms  DeleteObjects: 0.323756 ms)

========================================================================
Received Import Request.
  Time since last request: 27.614708 seconds.
  path: Assets/Proto5/Scripts/Difficulty.cs
  artifactKey: Guid(06ba18e4712df47b3b502021ce92a92d) Importer(815301076,1909f56bfc062723c751e8b465ee728b)
Start importing Assets/Proto5/Scripts/Difficulty.cs using Guid(06ba18e4712df47b3b502021ce92a92d) Importer(815301076,1909f56bfc062723c751e8b465ee728b)  -> (artifact id: '0b74a7e6a46ad8d9217a6e293812a9af') in 0.009251 seconds 
========================================================================
Received Prepare
Registering precompiled user dll's ...
Registered in 0.003128 seconds.
Begin MonoManager ReloadAssembly
Native extension for WindowsStandalone target not found
Native extension for OSXStandalone target not found
Native extension for WebGL target not found
Refreshing native plugins compatible for Editor in 0.70 ms, found 2 plugins.
Preloading 0 native plugins for Editor in 0.00 ms.
Refreshing native plugins compatible for Editor in 1.39 ms, found 2 plugins.
Warning: Annotation not found!
UnityEngine.StackTraceUtility:ExtractStackTrace () (at /Users/bokken/buildslave/unity/build/Runtime/Export/Scripting/StackTrace.cs:37)
UnityEditor.ProBuilder.EditorUtility:SetGizmoIconEnabled (System.Type,bool) (at Library/PackageCache/com.unity.probuilder@5.0.0-pre.7/Editor/EditorCore/EditorUtility.cs:569)
UnityEditor.ProBuilder.HierarchyListener:.cctor () (at Library/PackageCache/com.unity.probuilder@5.0.0-pre.7/Editor/EditorCore/HierarchyListener.cs:21)
System.Runtime.CompilerServices.RuntimeHelpers:RunClassConstructor (System.RuntimeTypeHandle)
UnityEditor.EditorAssemblies:ProcessInitializeOnLoadAttributes (System.Type[]) (at /Users/bokken/buildslave/unity/build/Editor/Mono/EditorAssemblies.cs:114)

[Library/PackageCache/com.unity.probuilder@5.0.0-pre.7/Editor/EditorCore/EditorUtility.cs line 569]

Mono: successfully reloaded assembly
- Completed reload, in  2.124 seconds
Platform modules already initialized, skipping
Refreshing native plugins compatible for Editor in 1.10 ms, found 2 plugins.
Preloading 0 native plugins for Editor in 0.00 ms.
Unloading 3531 Unused Serialized files (Serialized files now loaded: 0)
System memory in use before: 405.7 MB.
System memory in use after: 405.9 MB.

Unloading 22 unused Assets to reduce memory usage. Loaded Objects now: 4134.
Total: 3.922075 ms (FindLiveObjects: 0.470570 ms CreateObjectMapping: 0.203817 ms MarkObjects: 3.064422 ms  DeleteObjects: 0.181783 ms)

========================================================================
Received Prepare
Registering precompiled user dll's ...
Registered in 0.003660 seconds.
Begin MonoManager ReloadAssembly
Native extension for WindowsStandalone target not found
Native extension for OSXStandalone target not found
Native extension for WebGL target not found
Refreshing native plugins compatible for Editor in 0.76 ms, found 2 plugins.
Preloading 0 native plugins for Editor in 0.00 ms.
Refreshing native plugins compatible for Editor in 0.82 ms, found 2 plugins.
Warning: Annotation not found!
UnityEngine.StackTraceUtility:ExtractStackTrace () (at /Users/bokken/buildslave/unity/build/Runtime/Export/Scripting/StackTrace.cs:37)
UnityEditor.ProBuilder.EditorUtility:SetGizmoIconEnabled (System.Type,bool) (at Library/PackageCache/com.unity.probuilder@5.0.0-pre.7/Editor/EditorCore/EditorUtility.cs:569)
UnityEditor.ProBuilder.HierarchyListener:.cctor () (at Library/PackageCache/com.unity.probuilder@5.0.0-pre.7/Editor/EditorCore/HierarchyListener.cs:21)
System.Runtime.CompilerServices.RuntimeHelpers:RunClassConstructor (System.RuntimeTypeHandle)
UnityEditor.EditorAssemblies:ProcessInitializeOnLoadAttributes (System.Type[]) (at /Users/bokken/buildslave/unity/build/Editor/Mono/EditorAssemblies.cs:114)

[Library/PackageCache/com.unity.probuilder@5.0.0-pre.7/Editor/EditorCore/EditorUtility.cs line 569]

Mono: successfully reloaded assembly
- Completed reload, in  1.741 seconds
Platform modules already initialized, skipping
Refreshing native plugins compatible for Editor in 0.77 ms, found 2 plugins.
Preloading 0 native plugins for Editor in 0.00 ms.
Unloading 3531 Unused Serialized files (Serialized files now loaded: 0)
System memory in use before: 406.2 MB.
System memory in use after: 406.4 MB.

Unloading 22 unused Assets to reduce memory usage. Loaded Objects now: 4136.
Total: 4.849569 ms (FindLiveObjects: 0.490660 ms CreateObjectMapping: 0.199619 ms MarkObjects: 3.936082 ms  DeleteObjects: 0.221802 ms)

========================================================================
Received Import Request.
  Time since last request: 36.828010 seconds.
  path: Assets/Proto5/Scripts/Difficulty.cs
  artifactKey: Guid(06ba18e4712df47b3b502021ce92a92d) Importer(815301076,1909f56bfc062723c751e8b465ee728b)
Start importing Assets/Proto5/Scripts/Difficulty.cs using Guid(06ba18e4712df47b3b502021ce92a92d) Importer(815301076,1909f56bfc062723c751e8b465ee728b)  -> (artifact id: '2418fcd86963c802cb3a9f2d0c2f42df') in 0.007488 seconds 
========================================================================
Received Import Request.
  Time since last request: 122.181683 seconds.
  path: Assets/Proto5/Scripts/TargetScript.cs
  artifactKey: Guid(5d9b5a65f7de4455da5f5cdec9b0a181) Importer(815301076,1909f56bfc062723c751e8b465ee728b)
Start importing Assets/Proto5/Scripts/TargetScript.cs using Guid(5d9b5a65f7de4455da5f5cdec9b0a181) Importer(815301076,1909f56bfc062723c751e8b465ee728b)  -> (artifact id: 'cb776fe01edb9adcbf96dcb49988a545') in 0.002375 seconds 
========================================================================
Received Prepare
Registering precompiled user dll's ...
Registered in 0.004404 seconds.
Begin MonoManager ReloadAssembly
Native extension for WindowsStandalone target not found
Native extension for OSXStandalone target not found
Native extension for WebGL target not found
Refreshing native plugins compatible for Editor in 0.71 ms, found 2 plugins.
Preloading 0 native plugins for Editor in 0.00 ms.
Refreshing native plugins compatible for Editor in 0.70 ms, found 2 plugins.
Warning: Annotation not found!
UnityEngine.StackTraceUtility:ExtractStackTrace () (at /Users/bokken/buildslave/unity/build/Runtime/Export/Scripting/StackTrace.cs:37)
UnityEditor.ProBuilder.EditorUtility:SetGizmoIconEnabled (System.Type,bool) (at Library/PackageCache/com.unity.probuilder@5.0.0-pre.7/Editor/EditorCore/EditorUtility.cs:569)
UnityEditor.ProBuilder.HierarchyListener:.cctor () (at Library/PackageCache/com.unity.probuilder@5.0.0-pre.7/Editor/EditorCore/HierarchyListener.cs:21)
System.Runtime.CompilerServices.RuntimeHelpers:RunClassConstructor (System.RuntimeTypeHandle)
UnityEditor.EditorAssemblies:ProcessInitializeOnLoadAttributes (System.Type[]) (at /Users/bokken/buildslave/unity/build/Editor/Mono/EditorAssemblies.cs:114)

[Library/PackageCache/com.unity.probuilder@5.0.0-pre.7/Editor/EditorCore/EditorUtility.cs line 569]

Mono: successfully reloaded assembly
- Completed reload, in  1.757 seconds
Platform modules already initialized, skipping
Refreshing native plugins compatible for Editor in 0.69 ms, found 2 plugins.
Preloading 0 native plugins for Editor in 0.00 ms.
Unloading 3531 Unused Serialized files (Serialized files now loaded: 0)
System memory in use before: 407.6 MB.
System memory in use after: 407.8 MB.

Unloading 22 unused Assets to reduce memory usage. Loaded Objects now: 4138.
Total: 4.512647 ms (FindLiveObjects: 0.510414 ms CreateObjectMapping: 0.368578 ms MarkObjects: 3.497338 ms  DeleteObjects: 0.135182 ms)

========================================================================
Received Prepare
Registering precompiled user dll's ...
Registered in 0.003040 seconds.
Begin MonoManager ReloadAssembly
Native extension for WindowsStandalone target not found
Native extension for OSXStandalone target not found
Native extension for WebGL target not found
Refreshing native plugins compatible for Editor in 0.84 ms, found 2 plugins.
Preloading 0 native plugins for Editor in 0.00 ms.
Refreshing native plugins compatible for Editor in 0.79 ms, found 2 plugins.
Warning: Annotation not found!
UnityEngine.StackTraceUtility:ExtractStackTrace () (at /Users/bokken/buildslave/unity/build/Runtime/Export/Scripting/StackTrace.cs:37)
UnityEditor.ProBuilder.EditorUtility:SetGizmoIconEnabled (System.Type,bool) (at Library/PackageCache/com.unity.probuilder@5.0.0-pre.7/Editor/EditorCore/EditorUtility.cs:569)
UnityEditor.ProBuilder.HierarchyListener:.cctor () (at Library/PackageCache/com.unity.probuilder@5.0.0-pre.7/Editor/EditorCore/HierarchyListener.cs:21)
System.Runtime.CompilerServices.RuntimeHelpers:RunClassConstructor (System.RuntimeTypeHandle)
UnityEditor.EditorAssemblies:ProcessInitializeOnLoadAttributes (System.Type[]) (at /Users/bokken/buildslave/unity/build/Editor/Mono/EditorAssemblies.cs:114)

[Library/PackageCache/com.unity.probuilder@5.0.0-pre.7/Editor/EditorCore/EditorUtility.cs line 569]

Mono: successfully reloaded assembly
- Completed reload, in  1.623 seconds
Platform modules already initialized, skipping
Refreshing native plugins compatible for Editor in 0.92 ms, found 2 plugins.
Preloading 0 native plugins for Editor in 0.00 ms.
Unloading 3531 Unused Serialized files (Serialized files now loaded: 0)
System memory in use before: 408.2 MB.
System memory in use after: 408.3 MB.

Unloading 22 unused Assets to reduce memory usage. Loaded Objects now: 4140.
Total: 4.157784 ms (FindLiveObjects: 0.443717 ms CreateObjectMapping: 0.255388 ms MarkObjects: 3.335243 ms  DeleteObjects: 0.122001 ms)

========================================================================
Received Import Request.
  Time since last request: 191.495091 seconds.
  path: Assets/Cool Visual Effects - Part 1/Effects/Portals/Portal2.vfx
  artifactKey: Guid(731ed5960ed955243910de1f66a2c19e) Importer(815301076,1909f56bfc062723c751e8b465ee728b)
Start importing Assets/Cool Visual Effects - Part 1/Effects/Portals/Portal2.vfx using Guid(731ed5960ed955243910de1f66a2c19e) Importer(815301076,1909f56bfc062723c751e8b465ee728b)  -> (artifact id: '8e6000e6ce3cfe96ed714fd7b9ae835b') in 0.363092 seconds 
========================================================================
Received Import Request.
  Time since last request: 0.023878 seconds.
  path: Assets/Cool Visual Effects - Part 1/Effects/Snow/Snow.vfx
  artifactKey: Guid(a2062580d66ff594580f59b13ee1d43d) Importer(815301076,1909f56bfc062723c751e8b465ee728b)
Start importing Assets/Cool Visual Effects - Part 1/Effects/Snow/Snow.vfx using Guid(a2062580d66ff594580f59b13ee1d43d) Importer(815301076,1909f56bfc062723c751e8b465ee728b)  -> (artifact id: '2596b713deba54549fc012fe56149a2e') in 0.008319 seconds 
========================================================================
Received Import Request.
  Time since last request: 0.024330 seconds.
  path: Assets/Cool Visual Effects - Part 1/Effects/Starfield/Starfield.vfx
  artifactKey: Guid(cd9df07b08ded8b4fa9dde45a583bd5a) Importer(815301076,1909f56bfc062723c751e8b465ee728b)
Start importing Assets/Cool Visual Effects - Part 1/Effects/Starfield/Starfield.vfx using Guid(cd9df07b08ded8b4fa9dde45a583bd5a) Importer(815301076,1909f56bfc062723c751e8b465ee728b)  -> (artifact id: '61cc325a1ec0e12872fd6bdc0659e2c9') in 0.007781 seconds 
========================================================================
Received Prepare
Registering precompiled user dll's ...
Registered in 0.003614 seconds.
Begin MonoManager ReloadAssembly
Native extension for WindowsStandalone target not found
Native extension for OSXStandalone target not found
Native extension for WebGL target not found
Refreshing native plugins compatible for Editor in 0.73 ms, found 2 plugins.
Preloading 0 native plugins for Editor in 0.00 ms.
Refreshing native plugins compatible for Editor in 0.68 ms, found 2 plugins.
Warning: Annotation not found!
UnityEngine.StackTraceUtility:ExtractStackTrace () (at /Users/bokken/buildslave/unity/build/Runtime/Export/Scripting/StackTrace.cs:37)
UnityEditor.ProBuilder.EditorUtility:SetGizmoIconEnabled (System.Type,bool) (at Library/PackageCache/com.unity.probuilder@5.0.0-pre.7/Editor/EditorCore/EditorUtility.cs:569)
UnityEditor.ProBuilder.HierarchyListener:.cctor () (at Library/PackageCache/com.unity.probuilder@5.0.0-pre.7/Editor/EditorCore/HierarchyListener.cs:21)
System.Runtime.CompilerServices.RuntimeHelpers:RunClassConstructor (System.RuntimeTypeHandle)
UnityEditor.EditorAssemblies:ProcessInitializeOnLoadAttributes (System.Type[]) (at /Users/bokken/buildslave/unity/build/Editor/Mono/EditorAssemblies.cs:114)

[Library/PackageCache/com.unity.probuilder@5.0.0-pre.7/Editor/EditorCore/EditorUtility.cs line 569]

Mono: successfully reloaded assembly
- Completed reload, in  1.595 seconds
Platform modules already initialized, skipping
Refreshing native plugins compatible for Editor in 0.70 ms, found 2 plugins.
Preloading 0 native plugins for Editor in 0.00 ms.
Unloading 3531 Unused Serialized files (Serialized files now loaded: 0)
System memory in use before: 413.0 MB.
System memory in use after: 413.2 MB.

Unloading 22 unused Assets to reduce memory usage. Loaded Objects now: 4142.
Total: 4.328588 ms (FindLiveObjects: 0.471313 ms CreateObjectMapping: 0.175276 ms MarkObjects: 3.560151 ms  DeleteObjects: 0.120366 ms)

========================================================================
Received Import Request.
  Time since last request: 30.416771 seconds.
  path: Assets/Course Library/_Source_Files/FBX/Animations.fbx
  artifactKey: Guid(d55a3dafe23105e409ee70d6605cbd49) Importer(815301076,1909f56bfc062723c751e8b465ee728b)
Start importing Assets/Course Library/_Source_Files/FBX/Animations.fbx using Guid(d55a3dafe23105e409ee70d6605cbd49) Importer(815301076,1909f56bfc062723c751e8b465ee728b)  -> (artifact id: 'd7a9f087cb35e8e952e56d8529f88d5d') in 0.393337 seconds 
========================================================================
Received Import Request.
  Time since last request: 0.023898 seconds.
  path: Assets/Course Library/_Source_Files/Textures/Emissive_01.png
  artifactKey: Guid(ed8c76cfaa7f4f04da86bd288543e61c) Importer(815301076,1909f56bfc062723c751e8b465ee728b)
Start importing Assets/Course Library/_Source_Files/Textures/Emissive_01.png using Guid(ed8c76cfaa7f4f04da86bd288543e61c) Importer(815301076,1909f56bfc062723c751e8b465ee728b)  -> (artifact id: 'bf39ffcae0a45c77f8e51b4971faa126') in 1.144129 seconds 
========================================================================
Received Import Request.
  Time since last request: 0.026595 seconds.
  path: Assets/Tree_Textures/diffuse.png
  artifactKey: Guid(3f65c5d1edcff4024bf140bed5037497) Importer(815301076,1909f56bfc062723c751e8b465ee728b)
Start importing Assets/Tree_Textures/diffuse.png using Guid(3f65c5d1edcff4024bf140bed5037497) Importer(815301076,1909f56bfc062723c751e8b465ee728b)  -> (artifact id: 'e7c88bd9318e293479ef0cd37d5aec97') in 0.015727 seconds 
========================================================================
Received Import Request.
  Time since last request: 0.025096 seconds.
  path: Assets/Challenge 2/Prefabs/Dog.prefab
  artifactKey: Guid(3e5fe95e580114a5f8f8348678e77463) Importer(815301076,1909f56bfc062723c751e8b465ee728b)
Start importing Assets/Challenge 2/Prefabs/Dog.prefab using Guid(3e5fe95e580114a5f8f8348678e77463) Importer(815301076,1909f56bfc062723c751e8b465ee728b)  -> (artifact id: '50a6321c22614ea303b75f811a350c7e') in 0.300832 seconds 
========================================================================
Received Import Request.
  Time since last request: 0.022387 seconds.
  path: Assets/TextMesh Pro/Resources/Style Sheets/Default Style Sheet.asset
  artifactKey: Guid(f952c082cb03451daed3ee968ac6c63e) Importer(815301076,1909f56bfc062723c751e8b465ee728b)
Start importing Assets/TextMesh Pro/Resources/Style Sheets/Default Style Sheet.asset using Guid(f952c082cb03451daed3ee968ac6c63e) Importer(815301076,1909f56bfc062723c751e8b465ee728b)  -> (artifact id: 'ea5095163c5ba10e54068891ee8af1ed') in 0.184275 seconds 
========================================================================
Received Import Request.
  Time since last request: 0.022208 seconds.
  path: Assets/TextMesh Pro/Sprites/EmojiOne.png
  artifactKey: Guid(dffef66376be4fa480fb02b19edbe903) Importer(815301076,1909f56bfc062723c751e8b465ee728b)
Start importing Assets/TextMesh Pro/Sprites/EmojiOne.png using Guid(dffef66376be4fa480fb02b19edbe903) Importer(815301076,1909f56bfc062723c751e8b465ee728b)  -> (artifact id: '923ec774d7791680aa13e409e0726df4') in 0.014859 seconds 
========================================================================
Received Import Request.
  Time since last request: 0.023788 seconds.
  path: Assets/Course Library/_Source_Files/FBX/SimpleDogs.fbx
  artifactKey: Guid(4813058df6cbc544c979b2b5b9882a81) Importer(815301076,1909f56bfc062723c751e8b465ee728b)
Start importing Assets/Course Library/_Source_Files/FBX/SimpleDogs.fbx using Guid(4813058df6cbc544c979b2b5b9882a81) Importer(815301076,1909f56bfc062723c751e8b465ee728b)  -> (artifact id: 'c503d96d7b72353255a9e40fab087430') in 0.493682 seconds 
========================================================================
Received Import Request.
  Time since last request: 0.022476 seconds.
  path: Assets/TextMesh Pro/Resources/Sprite Assets/EmojiOne.asset
  artifactKey: Guid(c41005c129ba4d66911b75229fd70b45) Importer(815301076,1909f56bfc062723c751e8b465ee728b)
Start importing Assets/TextMesh Pro/Resources/Sprite Assets/EmojiOne.asset using Guid(c41005c129ba4d66911b75229fd70b45) Importer(815301076,1909f56bfc062723c751e8b465ee728b)  -> (artifact id: 'b23a93eaf7746be0d005d82c7abc87fa') in 0.013429 seconds 
========================================================================
Received Import Request.
  Time since last request: 0.021181 seconds.
  path: Assets/Course Library/Pickups/DollarSign.prefab
  artifactKey: Guid(a8a06204dcfa9784b86eba87c2e0a1a2) Importer(815301076,1909f56bfc062723c751e8b465ee728b)
Start importing Assets/Course Library/Pickups/DollarSign.prefab using Guid(a8a06204dcfa9784b86eba87c2e0a1a2) Importer(815301076,1909f56bfc062723c751e8b465ee728b)  -> (artifact id: '066f536f0ed047a67833fe3265b5d722') in 0.037371 seconds 
========================================================================
Received Prepare
Registering precompiled user dll's ...
Registered in 0.003264 seconds.
Begin MonoManager ReloadAssembly
Native extension for WindowsStandalone target not found
Native extension for OSXStandalone target not found
Native extension for WebGL target not found
Refreshing native plugins compatible for Editor in 0.72 ms, found 2 plugins.
Preloading 0 native plugins for Editor in 0.00 ms.
Refreshing native plugins compatible for Editor in 0.74 ms, found 2 plugins.
Warning: Annotation not found!
UnityEngine.StackTraceUtility:ExtractStackTrace () (at /Users/bokken/buildslave/unity/build/Runtime/Export/Scripting/StackTrace.cs:37)
UnityEditor.ProBuilder.EditorUtility:SetGizmoIconEnabled (System.Type,bool) (at Library/PackageCache/com.unity.probuilder@5.0.0-pre.7/Editor/EditorCore/EditorUtility.cs:569)
UnityEditor.ProBuilder.HierarchyListener:.cctor () (at Library/PackageCache/com.unity.probuilder@5.0.0-pre.7/Editor/EditorCore/HierarchyListener.cs:21)
System.Runtime.CompilerServices.RuntimeHelpers:RunClassConstructor (System.RuntimeTypeHandle)
UnityEditor.EditorAssemblies:ProcessInitializeOnLoadAttributes (System.Type[]) (at /Users/bokken/buildslave/unity/build/Editor/Mono/EditorAssemblies.cs:114)

[Library/PackageCache/com.unity.probuilder@5.0.0-pre.7/Editor/EditorCore/EditorUtility.cs line 569]

Mono: successfully reloaded assembly
- Completed reload, in  1.533 seconds
Platform modules already initialized, skipping
Refreshing native plugins compatible for Editor in 0.69 ms, found 2 plugins.
Preloading 0 native plugins for Editor in 0.00 ms.
Unloading 3534 Unused Serialized files (Serialized files now loaded: 0)
System memory in use before: 442.1 MB.
System memory in use after: 442.3 MB.

Unloading 23 unused Assets to reduce memory usage. Loaded Objects now: 4197.
Total: 3.937777 ms (FindLiveObjects: 0.330122 ms CreateObjectMapping: 0.199887 ms MarkObjects: 3.275238 ms  DeleteObjects: 0.131420 ms)

========================================================================
Received Prepare
Registering precompiled user dll's ...
Registered in 0.002996 seconds.
Begin MonoManager ReloadAssembly
Native extension for WindowsStandalone target not found
Native extension for OSXStandalone target not found
Native extension for WebGL target not found
Refreshing native plugins compatible for Editor in 0.69 ms, found 2 plugins.
Preloading 0 native plugins for Editor in 0.00 ms.
Refreshing native plugins compatible for Editor in 0.70 ms, found 2 plugins.
Warning: Annotation not found!
UnityEngine.StackTraceUtility:ExtractStackTrace () (at /Users/bokken/buildslave/unity/build/Runtime/Export/Scripting/StackTrace.cs:37)
UnityEditor.ProBuilder.EditorUtility:SetGizmoIconEnabled (System.Type,bool) (at Library/PackageCache/com.unity.probuilder@5.0.0-pre.7/Editor/EditorCore/EditorUtility.cs:569)
UnityEditor.ProBuilder.HierarchyListener:.cctor () (at Library/PackageCache/com.unity.probuilder@5.0.0-pre.7/Editor/EditorCore/HierarchyListener.cs:21)
System.Runtime.CompilerServices.RuntimeHelpers:RunClassConstructor (System.RuntimeTypeHandle)
UnityEditor.EditorAssemblies:ProcessInitializeOnLoadAttributes (System.Type[]) (at /Users/bokken/buildslave/unity/build/Editor/Mono/EditorAssemblies.cs:114)

[Library/PackageCache/com.unity.probuilder@5.0.0-pre.7/Editor/EditorCore/EditorUtility.cs line 569]

Mono: successfully reloaded assembly
- Completed reload, in  1.680 seconds
Platform modules already initialized, skipping
Refreshing native plugins compatible for Editor in 0.81 ms, found 2 plugins.
Preloading 0 native plugins for Editor in 0.00 ms.
Unloading 3531 Unused Serialized files (Serialized files now loaded: 0)
System memory in use before: 442.6 MB.
System memory in use after: 442.8 MB.

Unloading 22 unused Assets to reduce memory usage. Loaded Objects now: 4199.
Total: 4.640646 ms (FindLiveObjects: 0.403082 ms CreateObjectMapping: 0.197845 ms MarkObjects: 3.893631 ms  DeleteObjects: 0.144429 ms)

========================================================================
Received Prepare
Registering precompiled user dll's ...
Registered in 0.003464 seconds.
Begin MonoManager ReloadAssembly
Native extension for WindowsStandalone target not found
Native extension for OSXStandalone target not found
Native extension for WebGL target not found
Refreshing native plugins compatible for Editor in 0.74 ms, found 2 plugins.
Preloading 0 native plugins for Editor in 0.00 ms.
Refreshing native plugins compatible for Editor in 0.72 ms, found 2 plugins.
Warning: Annotation not found!
UnityEngine.StackTraceUtility:ExtractStackTrace () (at /Users/bokken/buildslave/unity/build/Runtime/Export/Scripting/StackTrace.cs:37)
UnityEditor.ProBuilder.EditorUtility:SetGizmoIconEnabled (System.Type,bool) (at Library/PackageCache/com.unity.probuilder@5.0.0-pre.7/Editor/EditorCore/EditorUtility.cs:569)
UnityEditor.ProBuilder.HierarchyListener:.cctor () (at Library/PackageCache/com.unity.probuilder@5.0.0-pre.7/Editor/EditorCore/HierarchyListener.cs:21)
System.Runtime.CompilerServices.RuntimeHelpers:RunClassConstructor (System.RuntimeTypeHandle)
UnityEditor.EditorAssemblies:ProcessInitializeOnLoadAttributes (System.Type[]) (at /Users/bokken/buildslave/unity/build/Editor/Mono/EditorAssemblies.cs:114)

[Library/PackageCache/com.unity.probuilder@5.0.0-pre.7/Editor/EditorCore/EditorUtility.cs line 569]

Mono: successfully reloaded assembly
- Completed reload, in  1.628 seconds
Platform modules already initialized, skipping
Refreshing native plugins compatible for Editor in 0.73 ms, found 2 plugins.
Preloading 0 native plugins for Editor in 0.00 ms.
Unloading 3531 Unused Serialized files (Serialized files now loaded: 0)
System memory in use before: 443.2 MB.
System memory in use after: 443.4 MB.

Unloading 22 unused Assets to reduce memory usage. Loaded Objects now: 4201.
Total: 5.964998 ms (FindLiveObjects: 0.509831 ms CreateObjectMapping: 0.435729 ms MarkObjects: 4.842758 ms  DeleteObjects: 0.173688 ms)

========================================================================
Received Prepare
Registering precompiled user dll's ...
Registered in 0.002986 seconds.
Begin MonoManager ReloadAssembly
Native extension for WindowsStandalone target not found
Native extension for OSXStandalone target not found
Native extension for WebGL target not found
Refreshing native plugins compatible for Editor in 0.73 ms, found 2 plugins.
Preloading 0 native plugins for Editor in 0.00 ms.
Refreshing native plugins compatible for Editor in 0.69 ms, found 2 plugins.
Warning: Annotation not found!
UnityEngine.StackTraceUtility:ExtractStackTrace () (at /Users/bokken/buildslave/unity/build/Runtime/Export/Scripting/StackTrace.cs:37)
UnityEditor.ProBuilder.EditorUtility:SetGizmoIconEnabled (System.Type,bool) (at Library/PackageCache/com.unity.probuilder@5.0.0-pre.7/Editor/EditorCore/EditorUtility.cs:569)
UnityEditor.ProBuilder.HierarchyListener:.cctor () (at Library/PackageCache/com.unity.probuilder@5.0.0-pre.7/Editor/EditorCore/HierarchyListener.cs:21)
System.Runtime.CompilerServices.RuntimeHelpers:RunClassConstructor (System.RuntimeTypeHandle)
UnityEditor.EditorAssemblies:ProcessInitializeOnLoadAttributes (System.Type[]) (at /Users/bokken/buildslave/unity/build/Editor/Mono/EditorAssemblies.cs:114)

[Library/PackageCache/com.unity.probuilder@5.0.0-pre.7/Editor/EditorCore/EditorUtility.cs line 569]

Mono: successfully reloaded assembly
- Completed reload, in  1.606 seconds
Platform modules already initialized, skipping
Refreshing native plugins compatible for Editor in 0.81 ms, found 2 plugins.
Preloading 0 native plugins for Editor in 0.00 ms.
Unloading 3531 Unused Serialized files (Serialized files now loaded: 0)
System memory in use before: 443.8 MB.
System memory in use after: 444.0 MB.

Unloading 22 unused Assets to reduce memory usage. Loaded Objects now: 4203.
Total: 4.507940 ms (FindLiveObjects: 0.510396 ms CreateObjectMapping: 0.386540 ms MarkObjects: 3.485864 ms  DeleteObjects: 0.124266 ms)

========================================================================
Received Prepare
Registering precompiled user dll's ...
Registered in 0.003071 seconds.
Begin MonoManager ReloadAssembly
Native extension for WindowsStandalone target not found
Native extension for OSXStandalone target not found
Native extension for WebGL target not found
Refreshing native plugins compatible for Editor in 0.77 ms, found 2 plugins.
Preloading 0 native plugins for Editor in 0.00 ms.
Refreshing native plugins compatible for Editor in 0.98 ms, found 2 plugins.
Warning: Annotation not found!
UnityEngine.StackTraceUtility:ExtractStackTrace () (at /Users/bokken/buildslave/unity/build/Runtime/Export/Scripting/StackTrace.cs:37)
UnityEditor.ProBuilder.EditorUtility:SetGizmoIconEnabled (System.Type,bool) (at Library/PackageCache/com.unity.probuilder@5.0.0-pre.7/Editor/EditorCore/EditorUtility.cs:569)
UnityEditor.ProBuilder.HierarchyListener:.cctor () (at Library/PackageCache/com.unity.probuilder@5.0.0-pre.7/Editor/EditorCore/HierarchyListener.cs:21)
System.Runtime.CompilerServices.RuntimeHelpers:RunClassConstructor (System.RuntimeTypeHandle)
UnityEditor.EditorAssemblies:ProcessInitializeOnLoadAttributes (System.Type[]) (at /Users/bokken/buildslave/unity/build/Editor/Mono/EditorAssemblies.cs:114)

[Library/PackageCache/com.unity.probuilder@5.0.0-pre.7/Editor/EditorCore/EditorUtility.cs line 569]

Mono: successfully reloaded assembly
- Completed reload, in  1.615 seconds
Platform modules already initialized, skipping
Refreshing native plugins compatible for Editor in 0.86 ms, found 2 plugins.
Preloading 0 native plugins for Editor in 0.00 ms.
Unloading 3531 Unused Serialized files (Serialized files now loaded: 0)
System memory in use before: 444.5 MB.
System memory in use after: 444.7 MB.

Unloading 22 unused Assets to reduce memory usage. Loaded Objects now: 4205.
Total: 4.015326 ms (FindLiveObjects: 0.379255 ms CreateObjectMapping: 0.161249 ms MarkObjects: 3.343415 ms  DeleteObjects: 0.129717 ms)

========================================================================
Received Prepare
Registering precompiled user dll's ...
Registered in 0.003177 seconds.
Begin MonoManager ReloadAssembly
Native extension for WindowsStandalone target not found
Native extension for OSXStandalone target not found
Native extension for WebGL target not found
Refreshing native plugins compatible for Editor in 0.68 ms, found 2 plugins.
Preloading 0 native plugins for Editor in 0.00 ms.
Refreshing native plugins compatible for Editor in 0.71 ms, found 2 plugins.
Warning: Annotation not found!
UnityEngine.StackTraceUtility:ExtractStackTrace () (at /Users/bokken/buildslave/unity/build/Runtime/Export/Scripting/StackTrace.cs:37)
UnityEditor.ProBuilder.EditorUtility:SetGizmoIconEnabled (System.Type,bool) (at Library/PackageCache/com.unity.probuilder@5.0.0-pre.7/Editor/EditorCore/EditorUtility.cs:569)
UnityEditor.ProBuilder.HierarchyListener:.cctor () (at Library/PackageCache/com.unity.probuilder@5.0.0-pre.7/Editor/EditorCore/HierarchyListener.cs:21)
System.Runtime.CompilerServices.RuntimeHelpers:RunClassConstructor (System.RuntimeTypeHandle)
UnityEditor.EditorAssemblies:ProcessInitializeOnLoadAttributes (System.Type[]) (at /Users/bokken/buildslave/unity/build/Editor/Mono/EditorAssemblies.cs:114)

[Library/PackageCache/com.unity.probuilder@5.0.0-pre.7/Editor/EditorCore/EditorUtility.cs line 569]

Mono: successfully reloaded assembly
- Completed reload, in  1.585 seconds
Platform modules already initialized, skipping
Refreshing native plugins compatible for Editor in 0.83 ms, found 2 plugins.
Preloading 0 native plugins for Editor in 0.00 ms.
Unloading 3531 Unused Serialized files (Serialized files now loaded: 0)
System memory in use before: 445.1 MB.
System memory in use after: 445.3 MB.

Unloading 22 unused Assets to reduce memory usage. Loaded Objects now: 4207.
Total: 4.621319 ms (FindLiveObjects: 0.495407 ms CreateObjectMapping: 0.356975 ms MarkObjects: 3.647976 ms  DeleteObjects: 0.119664 ms)

========================================================================
Received Prepare
Registering precompiled user dll's ...
Registered in 0.002920 seconds.
Begin MonoManager ReloadAssembly
Native extension for WindowsStandalone target not found
Native extension for OSXStandalone target not found
Native extension for WebGL target not found
Refreshing native plugins compatible for Editor in 0.72 ms, found 2 plugins.
Preloading 0 native plugins for Editor in 0.00 ms.
Refreshing native plugins compatible for Editor in 0.69 ms, found 2 plugins.
Warning: Annotation not found!
UnityEngine.StackTraceUtility:ExtractStackTrace () (at /Users/bokken/buildslave/unity/build/Runtime/Export/Scripting/StackTrace.cs:37)
UnityEditor.ProBuilder.EditorUtility:SetGizmoIconEnabled (System.Type,bool) (at Library/PackageCache/com.unity.probuilder@5.0.0-pre.7/Editor/EditorCore/EditorUtility.cs:569)
UnityEditor.ProBuilder.HierarchyListener:.cctor () (at Library/PackageCache/com.unity.probuilder@5.0.0-pre.7/Editor/EditorCore/HierarchyListener.cs:21)
System.Runtime.CompilerServices.RuntimeHelpers:RunClassConstructor (System.RuntimeTypeHandle)
UnityEditor.EditorAssemblies:ProcessInitializeOnLoadAttributes (System.Type[]) (at /Users/bokken/buildslave/unity/build/Editor/Mono/EditorAssemblies.cs:114)

[Library/PackageCache/com.unity.probuilder@5.0.0-pre.7/Editor/EditorCore/EditorUtility.cs line 569]

Mono: successfully reloaded assembly
- Completed reload, in  1.671 seconds
Platform modules already initialized, skipping
Refreshing native plugins compatible for Editor in 0.82 ms, found 2 plugins.
Preloading 0 native plugins for Editor in 0.00 ms.
Unloading 3531 Unused Serialized files (Serialized files now loaded: 0)
System memory in use before: 445.7 MB.
System memory in use after: 445.9 MB.

Unloading 22 unused Assets to reduce memory usage. Loaded Objects now: 4209.
Total: 5.606073 ms (FindLiveObjects: 0.508189 ms CreateObjectMapping: 0.231924 ms MarkObjects: 4.727078 ms  DeleteObjects: 0.137101 ms)

========================================================================
Received Prepare
Registering precompiled user dll's ...
Registered in 0.002959 seconds.
Begin MonoManager ReloadAssembly
Native extension for WindowsStandalone target not found
Native extension for OSXStandalone target not found
Native extension for WebGL target not found
Refreshing native plugins compatible for Editor in 0.94 ms, found 2 plugins.
Preloading 0 native plugins for Editor in 0.00 ms.
Refreshing native plugins compatible for Editor in 0.73 ms, found 2 plugins.
Warning: Annotation not found!
UnityEngine.StackTraceUtility:ExtractStackTrace () (at /Users/bokken/buildslave/unity/build/Runtime/Export/Scripting/StackTrace.cs:37)
UnityEditor.ProBuilder.EditorUtility:SetGizmoIconEnabled (System.Type,bool) (at Library/PackageCache/com.unity.probuilder@5.0.0-pre.7/Editor/EditorCore/EditorUtility.cs:569)
UnityEditor.ProBuilder.HierarchyListener:.cctor () (at Library/PackageCache/com.unity.probuilder@5.0.0-pre.7/Editor/EditorCore/HierarchyListener.cs:21)
System.Runtime.CompilerServices.RuntimeHelpers:RunClassConstructor (System.RuntimeTypeHandle)
UnityEditor.EditorAssemblies:ProcessInitializeOnLoadAttributes (System.Type[]) (at /Users/bokken/buildslave/unity/build/Editor/Mono/EditorAssemblies.cs:114)

[Library/PackageCache/com.unity.probuilder@5.0.0-pre.7/Editor/EditorCore/EditorUtility.cs line 569]

Mono: successfully reloaded assembly
- Completed reload, in  1.710 seconds
Platform modules already initialized, skipping
Refreshing native plugins compatible for Editor in 0.71 ms, found 2 plugins.
Preloading 0 native plugins for Editor in 0.00 ms.
Unloading 3531 Unused Serialized files (Serialized files now loaded: 0)
System memory in use before: 446.4 MB.
System memory in use after: 446.6 MB.

Unloading 22 unused Assets to reduce memory usage. Loaded Objects now: 4211.
Total: 3.681263 ms (FindLiveObjects: 0.334619 ms CreateObjectMapping: 0.151303 ms MarkObjects: 3.066780 ms  DeleteObjects: 0.127531 ms)

